ERROR 2025-11-18 18:08:29,070 log 12829 132189406406464 Internal Server Error: /api/v1/auth/login/
Traceback (most recent call last):
  File "/home/didacticiel/Bureau/Projets/cv-didacticiel-platform/backend/venv/lib/python3.13/site-packages/django/core/handlers/exception.py", line 55, in inner
    response = get_response(request)
  File "/home/didacticiel/Bureau/Projets/cv-didacticiel-platform/backend/venv/lib/python3.13/site-packages/django/core/handlers/base.py", line 197, in _get_response
    response = wrapped_callback(request, *callback_args, **callback_kwargs)
  File "/home/didacticiel/miniconda3/lib/python3.13/contextlib.py", line 85, in inner
    return func(*args, **kwds)
  File "/home/didacticiel/Bureau/Projets/cv-didacticiel-platform/backend/venv/lib/python3.13/site-packages/django/views/decorators/csrf.py", line 65, in _view_wrapper
    return view_func(request, *args, **kwargs)
  File "/home/didacticiel/Bureau/Projets/cv-didacticiel-platform/backend/venv/lib/python3.13/site-packages/django/views/generic/base.py", line 105, in view
    return self.dispatch(request, *args, **kwargs)
           ~~~~~~~~~~~~~^^^^^^^^^^^^^^^^^^^^^^^^^^
  File "/home/didacticiel/Bureau/Projets/cv-didacticiel-platform/backend/venv/lib/python3.13/site-packages/rest_framework/views.py", line 515, in dispatch
    response = self.handle_exception(exc)
  File "/home/didacticiel/Bureau/Projets/cv-didacticiel-platform/backend/venv/lib/python3.13/site-packages/rest_framework/views.py", line 475, in handle_exception
    self.raise_uncaught_exception(exc)
    ~~~~~~~~~~~~~~~~~~~~~~~~~~~~~^^^^^
  File "/home/didacticiel/Bureau/Projets/cv-didacticiel-platform/backend/venv/lib/python3.13/site-packages/rest_framework/views.py", line 486, in raise_uncaught_exception
    raise exc
  File "/home/didacticiel/Bureau/Projets/cv-didacticiel-platform/backend/venv/lib/python3.13/site-packages/rest_framework/views.py", line 512, in dispatch
    response = handler(request, *args, **kwargs)
  File "/home/didacticiel/Bureau/Projets/cv-didacticiel-platform/backend/venv/lib/python3.13/site-packages/rest_framework_simplejwt/views.py", line 46, in post
    serializer.is_valid(raise_exception=True)
    ~~~~~~~~~~~~~~~~~~~^^^^^^^^^^^^^^^^^^^^^^
  File "/home/didacticiel/Bureau/Projets/cv-didacticiel-platform/backend/venv/lib/python3.13/site-packages/rest_framework/serializers.py", line 225, in is_valid
    self._validated_data = self.run_validation(self.initial_data)
                           ~~~~~~~~~~~~~~~~~~~^^^^^^^^^^^^^^^^^^^
  File "/home/didacticiel/Bureau/Projets/cv-didacticiel-platform/backend/venv/lib/python3.13/site-packages/rest_framework/serializers.py", line 447, in run_validation
    value = self.validate(value)
  File "/home/didacticiel/Bureau/Projets/cv-didacticiel-platform/backend/venv/lib/python3.13/site-packages/rest_framework_simplejwt/serializers.py", line 73, in validate
    data = super().validate(attrs)
  File "/home/didacticiel/Bureau/Projets/cv-didacticiel-platform/backend/venv/lib/python3.13/site-packages/rest_framework_simplejwt/serializers.py", line 54, in validate
    self.user = authenticate(**authenticate_kwargs)
                ~~~~~~~~~~~~^^^^^^^^^^^^^^^^^^^^^^^
  File "/home/didacticiel/Bureau/Projets/cv-didacticiel-platform/backend/venv/lib/python3.13/site-packages/django/views/decorators/debug.py", line 75, in sensitive_variables_wrapper
    return func(*func_args, **func_kwargs)
  File "/home/didacticiel/Bureau/Projets/cv-didacticiel-platform/backend/venv/lib/python3.13/site-packages/django/contrib/auth/__init__.py", line 112, in authenticate
    for backend, backend_path in _get_compatible_backends(request, **credentials):
                                 ~~~~~~~~~~~~~~~~~~~~~~~~^^^^^^^^^^^^^^^^^^^^^^^^
  File "/home/didacticiel/Bureau/Projets/cv-didacticiel-platform/backend/venv/lib/python3.13/site-packages/django/contrib/auth/__init__.py", line 44, in _get_compatible_backends
    for backend, backend_path in _get_backends(return_tuples=True):
                                 ~~~~~~~~~~~~~^^^^^^^^^^^^^^^^^^^^
  File "/home/didacticiel/Bureau/Projets/cv-didacticiel-platform/backend/venv/lib/python3.13/site-packages/django/contrib/auth/__init__.py", line 29, in _get_backends
    backend = load_backend(backend_path)
  File "/home/didacticiel/Bureau/Projets/cv-didacticiel-platform/backend/venv/lib/python3.13/site-packages/django/contrib/auth/__init__.py", line 23, in load_backend
    return import_string(path)()
           ~~~~~~~~~~~~~^^^^^^
  File "/home/didacticiel/Bureau/Projets/cv-didacticiel-platform/backend/venv/lib/python3.13/site-packages/django/utils/module_loading.py", line 30, in import_string
    return cached_import(module_path, class_name)
  File "/home/didacticiel/Bureau/Projets/cv-didacticiel-platform/backend/venv/lib/python3.13/site-packages/django/utils/module_loading.py", line 15, in cached_import
    module = import_module(module_path)
  File "/home/didacticiel/miniconda3/lib/python3.13/importlib/__init__.py", line 88, in import_module
    return _bootstrap._gcd_import(name[level:], package, level)
           ~~~~~~~~~~~~~~~~~~~~~~^^^^^^^^^^^^^^^^^^^^^^^^^^^^^^
  File "<frozen importlib._bootstrap>", line 1387, in _gcd_import
  File "<frozen importlib._bootstrap>", line 1360, in _find_and_load
  File "<frozen importlib._bootstrap>", line 1310, in _find_and_load_unlocked
  File "<frozen importlib._bootstrap>", line 488, in _call_with_frames_removed
  File "<frozen importlib._bootstrap>", line 1387, in _gcd_import
  File "<frozen importlib._bootstrap>", line 1360, in _find_and_load
  File "<frozen importlib._bootstrap>", line 1324, in _find_and_load_unlocked
ModuleNotFoundError: No module named 'guardian'
WARNING 2025-11-18 18:08:30,480 log 12829 132189406406464 Unauthorized: /api/v1/users/me/
ERROR 2025-11-18 18:08:31,478 log 12829 132189406406464 Internal Server Error: /api/v1/auth/login/
Traceback (most recent call last):
  File "/home/didacticiel/Bureau/Projets/cv-didacticiel-platform/backend/venv/lib/python3.13/site-packages/django/core/handlers/exception.py", line 55, in inner
    response = get_response(request)
  File "/home/didacticiel/Bureau/Projets/cv-didacticiel-platform/backend/venv/lib/python3.13/site-packages/django/core/handlers/base.py", line 197, in _get_response
    response = wrapped_callback(request, *callback_args, **callback_kwargs)
  File "/home/didacticiel/miniconda3/lib/python3.13/contextlib.py", line 85, in inner
    return func(*args, **kwds)
  File "/home/didacticiel/Bureau/Projets/cv-didacticiel-platform/backend/venv/lib/python3.13/site-packages/django/views/decorators/csrf.py", line 65, in _view_wrapper
    return view_func(request, *args, **kwargs)
  File "/home/didacticiel/Bureau/Projets/cv-didacticiel-platform/backend/venv/lib/python3.13/site-packages/django/views/generic/base.py", line 105, in view
    return self.dispatch(request, *args, **kwargs)
           ~~~~~~~~~~~~~^^^^^^^^^^^^^^^^^^^^^^^^^^
  File "/home/didacticiel/Bureau/Projets/cv-didacticiel-platform/backend/venv/lib/python3.13/site-packages/rest_framework/views.py", line 515, in dispatch
    response = self.handle_exception(exc)
  File "/home/didacticiel/Bureau/Projets/cv-didacticiel-platform/backend/venv/lib/python3.13/site-packages/rest_framework/views.py", line 475, in handle_exception
    self.raise_uncaught_exception(exc)
    ~~~~~~~~~~~~~~~~~~~~~~~~~~~~~^^^^^
  File "/home/didacticiel/Bureau/Projets/cv-didacticiel-platform/backend/venv/lib/python3.13/site-packages/rest_framework/views.py", line 486, in raise_uncaught_exception
    raise exc
  File "/home/didacticiel/Bureau/Projets/cv-didacticiel-platform/backend/venv/lib/python3.13/site-packages/rest_framework/views.py", line 512, in dispatch
    response = handler(request, *args, **kwargs)
  File "/home/didacticiel/Bureau/Projets/cv-didacticiel-platform/backend/venv/lib/python3.13/site-packages/rest_framework_simplejwt/views.py", line 46, in post
    serializer.is_valid(raise_exception=True)
    ~~~~~~~~~~~~~~~~~~~^^^^^^^^^^^^^^^^^^^^^^
  File "/home/didacticiel/Bureau/Projets/cv-didacticiel-platform/backend/venv/lib/python3.13/site-packages/rest_framework/serializers.py", line 225, in is_valid
    self._validated_data = self.run_validation(self.initial_data)
                           ~~~~~~~~~~~~~~~~~~~^^^^^^^^^^^^^^^^^^^
  File "/home/didacticiel/Bureau/Projets/cv-didacticiel-platform/backend/venv/lib/python3.13/site-packages/rest_framework/serializers.py", line 447, in run_validation
    value = self.validate(value)
  File "/home/didacticiel/Bureau/Projets/cv-didacticiel-platform/backend/venv/lib/python3.13/site-packages/rest_framework_simplejwt/serializers.py", line 73, in validate
    data = super().validate(attrs)
  File "/home/didacticiel/Bureau/Projets/cv-didacticiel-platform/backend/venv/lib/python3.13/site-packages/rest_framework_simplejwt/serializers.py", line 54, in validate
    self.user = authenticate(**authenticate_kwargs)
                ~~~~~~~~~~~~^^^^^^^^^^^^^^^^^^^^^^^
  File "/home/didacticiel/Bureau/Projets/cv-didacticiel-platform/backend/venv/lib/python3.13/site-packages/django/views/decorators/debug.py", line 75, in sensitive_variables_wrapper
    return func(*func_args, **func_kwargs)
  File "/home/didacticiel/Bureau/Projets/cv-didacticiel-platform/backend/venv/lib/python3.13/site-packages/django/contrib/auth/__init__.py", line 112, in authenticate
    for backend, backend_path in _get_compatible_backends(request, **credentials):
                                 ~~~~~~~~~~~~~~~~~~~~~~~~^^^^^^^^^^^^^^^^^^^^^^^^
  File "/home/didacticiel/Bureau/Projets/cv-didacticiel-platform/backend/venv/lib/python3.13/site-packages/django/contrib/auth/__init__.py", line 44, in _get_compatible_backends
    for backend, backend_path in _get_backends(return_tuples=True):
                                 ~~~~~~~~~~~~~^^^^^^^^^^^^^^^^^^^^
  File "/home/didacticiel/Bureau/Projets/cv-didacticiel-platform/backend/venv/lib/python3.13/site-packages/django/contrib/auth/__init__.py", line 29, in _get_backends
    backend = load_backend(backend_path)
  File "/home/didacticiel/Bureau/Projets/cv-didacticiel-platform/backend/venv/lib/python3.13/site-packages/django/contrib/auth/__init__.py", line 23, in load_backend
    return import_string(path)()
           ~~~~~~~~~~~~~^^^^^^
  File "/home/didacticiel/Bureau/Projets/cv-didacticiel-platform/backend/venv/lib/python3.13/site-packages/django/utils/module_loading.py", line 30, in import_string
    return cached_import(module_path, class_name)
  File "/home/didacticiel/Bureau/Projets/cv-didacticiel-platform/backend/venv/lib/python3.13/site-packages/django/utils/module_loading.py", line 15, in cached_import
    module = import_module(module_path)
  File "/home/didacticiel/miniconda3/lib/python3.13/importlib/__init__.py", line 88, in import_module
    return _bootstrap._gcd_import(name[level:], package, level)
           ~~~~~~~~~~~~~~~~~~~~~~^^^^^^^^^^^^^^^^^^^^^^^^^^^^^^
  File "<frozen importlib._bootstrap>", line 1387, in _gcd_import
  File "<frozen importlib._bootstrap>", line 1360, in _find_and_load
  File "<frozen importlib._bootstrap>", line 1310, in _find_and_load_unlocked
  File "<frozen importlib._bootstrap>", line 488, in _call_with_frames_removed
  File "<frozen importlib._bootstrap>", line 1387, in _gcd_import
  File "<frozen importlib._bootstrap>", line 1360, in _find_and_load
  File "<frozen importlib._bootstrap>", line 1324, in _find_and_load_unlocked
ModuleNotFoundError: No module named 'guardian'
ERROR 2025-11-18 18:08:32,679 log 12829 132189406406464 Internal Server Error: /api/v1/auth/login/
Traceback (most recent call last):
  File "/home/didacticiel/Bureau/Projets/cv-didacticiel-platform/backend/venv/lib/python3.13/site-packages/django/core/handlers/exception.py", line 55, in inner
    response = get_response(request)
  File "/home/didacticiel/Bureau/Projets/cv-didacticiel-platform/backend/venv/lib/python3.13/site-packages/django/core/handlers/base.py", line 197, in _get_response
    response = wrapped_callback(request, *callback_args, **callback_kwargs)
  File "/home/didacticiel/miniconda3/lib/python3.13/contextlib.py", line 85, in inner
    return func(*args, **kwds)
  File "/home/didacticiel/Bureau/Projets/cv-didacticiel-platform/backend/venv/lib/python3.13/site-packages/django/views/decorators/csrf.py", line 65, in _view_wrapper
    return view_func(request, *args, **kwargs)
  File "/home/didacticiel/Bureau/Projets/cv-didacticiel-platform/backend/venv/lib/python3.13/site-packages/django/views/generic/base.py", line 105, in view
    return self.dispatch(request, *args, **kwargs)
           ~~~~~~~~~~~~~^^^^^^^^^^^^^^^^^^^^^^^^^^
  File "/home/didacticiel/Bureau/Projets/cv-didacticiel-platform/backend/venv/lib/python3.13/site-packages/rest_framework/views.py", line 515, in dispatch
    response = self.handle_exception(exc)
  File "/home/didacticiel/Bureau/Projets/cv-didacticiel-platform/backend/venv/lib/python3.13/site-packages/rest_framework/views.py", line 475, in handle_exception
    self.raise_uncaught_exception(exc)
    ~~~~~~~~~~~~~~~~~~~~~~~~~~~~~^^^^^
  File "/home/didacticiel/Bureau/Projets/cv-didacticiel-platform/backend/venv/lib/python3.13/site-packages/rest_framework/views.py", line 486, in raise_uncaught_exception
    raise exc
  File "/home/didacticiel/Bureau/Projets/cv-didacticiel-platform/backend/venv/lib/python3.13/site-packages/rest_framework/views.py", line 512, in dispatch
    response = handler(request, *args, **kwargs)
  File "/home/didacticiel/Bureau/Projets/cv-didacticiel-platform/backend/venv/lib/python3.13/site-packages/rest_framework_simplejwt/views.py", line 46, in post
    serializer.is_valid(raise_exception=True)
    ~~~~~~~~~~~~~~~~~~~^^^^^^^^^^^^^^^^^^^^^^
  File "/home/didacticiel/Bureau/Projets/cv-didacticiel-platform/backend/venv/lib/python3.13/site-packages/rest_framework/serializers.py", line 225, in is_valid
    self._validated_data = self.run_validation(self.initial_data)
                           ~~~~~~~~~~~~~~~~~~~^^^^^^^^^^^^^^^^^^^
  File "/home/didacticiel/Bureau/Projets/cv-didacticiel-platform/backend/venv/lib/python3.13/site-packages/rest_framework/serializers.py", line 447, in run_validation
    value = self.validate(value)
  File "/home/didacticiel/Bureau/Projets/cv-didacticiel-platform/backend/venv/lib/python3.13/site-packages/rest_framework_simplejwt/serializers.py", line 73, in validate
    data = super().validate(attrs)
  File "/home/didacticiel/Bureau/Projets/cv-didacticiel-platform/backend/venv/lib/python3.13/site-packages/rest_framework_simplejwt/serializers.py", line 54, in validate
    self.user = authenticate(**authenticate_kwargs)
                ~~~~~~~~~~~~^^^^^^^^^^^^^^^^^^^^^^^
  File "/home/didacticiel/Bureau/Projets/cv-didacticiel-platform/backend/venv/lib/python3.13/site-packages/django/views/decorators/debug.py", line 75, in sensitive_variables_wrapper
    return func(*func_args, **func_kwargs)
  File "/home/didacticiel/Bureau/Projets/cv-didacticiel-platform/backend/venv/lib/python3.13/site-packages/django/contrib/auth/__init__.py", line 112, in authenticate
    for backend, backend_path in _get_compatible_backends(request, **credentials):
                                 ~~~~~~~~~~~~~~~~~~~~~~~~^^^^^^^^^^^^^^^^^^^^^^^^
  File "/home/didacticiel/Bureau/Projets/cv-didacticiel-platform/backend/venv/lib/python3.13/site-packages/django/contrib/auth/__init__.py", line 44, in _get_compatible_backends
    for backend, backend_path in _get_backends(return_tuples=True):
                                 ~~~~~~~~~~~~~^^^^^^^^^^^^^^^^^^^^
  File "/home/didacticiel/Bureau/Projets/cv-didacticiel-platform/backend/venv/lib/python3.13/site-packages/django/contrib/auth/__init__.py", line 29, in _get_backends
    backend = load_backend(backend_path)
  File "/home/didacticiel/Bureau/Projets/cv-didacticiel-platform/backend/venv/lib/python3.13/site-packages/django/contrib/auth/__init__.py", line 23, in load_backend
    return import_string(path)()
           ~~~~~~~~~~~~~^^^^^^
  File "/home/didacticiel/Bureau/Projets/cv-didacticiel-platform/backend/venv/lib/python3.13/site-packages/django/utils/module_loading.py", line 30, in import_string
    return cached_import(module_path, class_name)
  File "/home/didacticiel/Bureau/Projets/cv-didacticiel-platform/backend/venv/lib/python3.13/site-packages/django/utils/module_loading.py", line 15, in cached_import
    module = import_module(module_path)
  File "/home/didacticiel/miniconda3/lib/python3.13/importlib/__init__.py", line 88, in import_module
    return _bootstrap._gcd_import(name[level:], package, level)
           ~~~~~~~~~~~~~~~~~~~~~~^^^^^^^^^^^^^^^^^^^^^^^^^^^^^^
  File "<frozen importlib._bootstrap>", line 1387, in _gcd_import
  File "<frozen importlib._bootstrap>", line 1360, in _find_and_load
  File "<frozen importlib._bootstrap>", line 1310, in _find_and_load_unlocked
  File "<frozen importlib._bootstrap>", line 488, in _call_with_frames_removed
  File "<frozen importlib._bootstrap>", line 1387, in _gcd_import
  File "<frozen importlib._bootstrap>", line 1360, in _find_and_load
  File "<frozen importlib._bootstrap>", line 1324, in _find_and_load_unlocked
ModuleNotFoundError: No module named 'guardian'
ERROR 2025-11-18 18:08:33,939 log 12829 132189406406464 Internal Server Error: /api/v1/auth/login/
Traceback (most recent call last):
  File "/home/didacticiel/Bureau/Projets/cv-didacticiel-platform/backend/venv/lib/python3.13/site-packages/django/core/handlers/exception.py", line 55, in inner
    response = get_response(request)
  File "/home/didacticiel/Bureau/Projets/cv-didacticiel-platform/backend/venv/lib/python3.13/site-packages/django/core/handlers/base.py", line 197, in _get_response
    response = wrapped_callback(request, *callback_args, **callback_kwargs)
  File "/home/didacticiel/miniconda3/lib/python3.13/contextlib.py", line 85, in inner
    return func(*args, **kwds)
  File "/home/didacticiel/Bureau/Projets/cv-didacticiel-platform/backend/venv/lib/python3.13/site-packages/django/views/decorators/csrf.py", line 65, in _view_wrapper
    return view_func(request, *args, **kwargs)
  File "/home/didacticiel/Bureau/Projets/cv-didacticiel-platform/backend/venv/lib/python3.13/site-packages/django/views/generic/base.py", line 105, in view
    return self.dispatch(request, *args, **kwargs)
           ~~~~~~~~~~~~~^^^^^^^^^^^^^^^^^^^^^^^^^^
  File "/home/didacticiel/Bureau/Projets/cv-didacticiel-platform/backend/venv/lib/python3.13/site-packages/rest_framework/views.py", line 515, in dispatch
    response = self.handle_exception(exc)
  File "/home/didacticiel/Bureau/Projets/cv-didacticiel-platform/backend/venv/lib/python3.13/site-packages/rest_framework/views.py", line 475, in handle_exception
    self.raise_uncaught_exception(exc)
    ~~~~~~~~~~~~~~~~~~~~~~~~~~~~~^^^^^
  File "/home/didacticiel/Bureau/Projets/cv-didacticiel-platform/backend/venv/lib/python3.13/site-packages/rest_framework/views.py", line 486, in raise_uncaught_exception
    raise exc
  File "/home/didacticiel/Bureau/Projets/cv-didacticiel-platform/backend/venv/lib/python3.13/site-packages/rest_framework/views.py", line 512, in dispatch
    response = handler(request, *args, **kwargs)
  File "/home/didacticiel/Bureau/Projets/cv-didacticiel-platform/backend/venv/lib/python3.13/site-packages/rest_framework_simplejwt/views.py", line 46, in post
    serializer.is_valid(raise_exception=True)
    ~~~~~~~~~~~~~~~~~~~^^^^^^^^^^^^^^^^^^^^^^
  File "/home/didacticiel/Bureau/Projets/cv-didacticiel-platform/backend/venv/lib/python3.13/site-packages/rest_framework/serializers.py", line 225, in is_valid
    self._validated_data = self.run_validation(self.initial_data)
                           ~~~~~~~~~~~~~~~~~~~^^^^^^^^^^^^^^^^^^^
  File "/home/didacticiel/Bureau/Projets/cv-didacticiel-platform/backend/venv/lib/python3.13/site-packages/rest_framework/serializers.py", line 447, in run_validation
    value = self.validate(value)
  File "/home/didacticiel/Bureau/Projets/cv-didacticiel-platform/backend/venv/lib/python3.13/site-packages/rest_framework_simplejwt/serializers.py", line 73, in validate
    data = super().validate(attrs)
  File "/home/didacticiel/Bureau/Projets/cv-didacticiel-platform/backend/venv/lib/python3.13/site-packages/rest_framework_simplejwt/serializers.py", line 54, in validate
    self.user = authenticate(**authenticate_kwargs)
                ~~~~~~~~~~~~^^^^^^^^^^^^^^^^^^^^^^^
  File "/home/didacticiel/Bureau/Projets/cv-didacticiel-platform/backend/venv/lib/python3.13/site-packages/django/views/decorators/debug.py", line 75, in sensitive_variables_wrapper
    return func(*func_args, **func_kwargs)
  File "/home/didacticiel/Bureau/Projets/cv-didacticiel-platform/backend/venv/lib/python3.13/site-packages/django/contrib/auth/__init__.py", line 112, in authenticate
    for backend, backend_path in _get_compatible_backends(request, **credentials):
                                 ~~~~~~~~~~~~~~~~~~~~~~~~^^^^^^^^^^^^^^^^^^^^^^^^
  File "/home/didacticiel/Bureau/Projets/cv-didacticiel-platform/backend/venv/lib/python3.13/site-packages/django/contrib/auth/__init__.py", line 44, in _get_compatible_backends
    for backend, backend_path in _get_backends(return_tuples=True):
                                 ~~~~~~~~~~~~~^^^^^^^^^^^^^^^^^^^^
  File "/home/didacticiel/Bureau/Projets/cv-didacticiel-platform/backend/venv/lib/python3.13/site-packages/django/contrib/auth/__init__.py", line 29, in _get_backends
    backend = load_backend(backend_path)
  File "/home/didacticiel/Bureau/Projets/cv-didacticiel-platform/backend/venv/lib/python3.13/site-packages/django/contrib/auth/__init__.py", line 23, in load_backend
    return import_string(path)()
           ~~~~~~~~~~~~~^^^^^^
  File "/home/didacticiel/Bureau/Projets/cv-didacticiel-platform/backend/venv/lib/python3.13/site-packages/django/utils/module_loading.py", line 30, in import_string
    return cached_import(module_path, class_name)
  File "/home/didacticiel/Bureau/Projets/cv-didacticiel-platform/backend/venv/lib/python3.13/site-packages/django/utils/module_loading.py", line 15, in cached_import
    module = import_module(module_path)
  File "/home/didacticiel/miniconda3/lib/python3.13/importlib/__init__.py", line 88, in import_module
    return _bootstrap._gcd_import(name[level:], package, level)
           ~~~~~~~~~~~~~~~~~~~~~~^^^^^^^^^^^^^^^^^^^^^^^^^^^^^^
  File "<frozen importlib._bootstrap>", line 1387, in _gcd_import
  File "<frozen importlib._bootstrap>", line 1360, in _find_and_load
  File "<frozen importlib._bootstrap>", line 1310, in _find_and_load_unlocked
  File "<frozen importlib._bootstrap>", line 488, in _call_with_frames_removed
  File "<frozen importlib._bootstrap>", line 1387, in _gcd_import
  File "<frozen importlib._bootstrap>", line 1360, in _find_and_load
  File "<frozen importlib._bootstrap>", line 1324, in _find_and_load_unlocked
ModuleNotFoundError: No module named 'guardian'
WARNING 2025-11-18 18:08:35,202 log 12829 132189406406464 Bad Request: /api/v1/users/register/
INFO 2025-11-19 09:21:07,911 autoreload 7731 135907645011776 Watching for file changes with StatReloader
ERROR 2025-11-19 09:28:45,490 log 8216 125007135819584 Internal Server Error: /api/v1/auth/login/
Traceback (most recent call last):
  File "/home/didacticiel/Bureau/Projets/cv-didacticiel-platform/backend/venv/lib/python3.13/site-packages/django_redis/cache.py", line 29, in _decorator
    return method(self, *args, **kwargs)
  File "/home/didacticiel/Bureau/Projets/cv-didacticiel-platform/backend/venv/lib/python3.13/site-packages/django_redis/cache.py", line 99, in _get
    return self.client.get(key, default=default, version=version, client=client)
           ~~~~~~~~~~~~~~~^^^^^^^^^^^^^^^^^^^^^^^^^^^^^^^^^^^^^^^^^^^^^^^^^^^^^^
  File "/home/didacticiel/Bureau/Projets/cv-didacticiel-platform/backend/venv/lib/python3.13/site-packages/django_redis/client/default.py", line 300, in get
    raise ConnectionInterrupted(connection=client) from e
django_redis.exceptions.ConnectionInterrupted: Redis ConnectionError: Error 111 connecting to localhost:6379. Connection refused.

During handling of the above exception, another exception occurred:

Traceback (most recent call last):
  File "/home/didacticiel/Bureau/Projets/cv-didacticiel-platform/backend/venv/lib/python3.13/site-packages/django/core/handlers/exception.py", line 55, in inner
    response = get_response(request)
  File "/home/didacticiel/Bureau/Projets/cv-didacticiel-platform/backend/venv/lib/python3.13/site-packages/django/core/handlers/base.py", line 197, in _get_response
    response = wrapped_callback(request, *callback_args, **callback_kwargs)
  File "/home/didacticiel/miniconda3/lib/python3.13/contextlib.py", line 85, in inner
    return func(*args, **kwds)
  File "/home/didacticiel/Bureau/Projets/cv-didacticiel-platform/backend/venv/lib/python3.13/site-packages/django/views/decorators/csrf.py", line 65, in _view_wrapper
    return view_func(request, *args, **kwargs)
  File "/home/didacticiel/Bureau/Projets/cv-didacticiel-platform/backend/venv/lib/python3.13/site-packages/django/views/generic/base.py", line 105, in view
    return self.dispatch(request, *args, **kwargs)
           ~~~~~~~~~~~~~^^^^^^^^^^^^^^^^^^^^^^^^^^
  File "/home/didacticiel/Bureau/Projets/cv-didacticiel-platform/backend/venv/lib/python3.13/site-packages/rest_framework/views.py", line 515, in dispatch
    response = self.handle_exception(exc)
  File "/home/didacticiel/Bureau/Projets/cv-didacticiel-platform/backend/venv/lib/python3.13/site-packages/rest_framework/views.py", line 475, in handle_exception
    self.raise_uncaught_exception(exc)
    ~~~~~~~~~~~~~~~~~~~~~~~~~~~~~^^^^^
  File "/home/didacticiel/Bureau/Projets/cv-didacticiel-platform/backend/venv/lib/python3.13/site-packages/rest_framework/views.py", line 486, in raise_uncaught_exception
    raise exc
  File "/home/didacticiel/Bureau/Projets/cv-didacticiel-platform/backend/venv/lib/python3.13/site-packages/rest_framework/views.py", line 503, in dispatch
    self.initial(request, *args, **kwargs)
    ~~~~~~~~~~~~^^^^^^^^^^^^^^^^^^^^^^^^^^
  File "/home/didacticiel/Bureau/Projets/cv-didacticiel-platform/backend/venv/lib/python3.13/site-packages/rest_framework/views.py", line 422, in initial
    self.check_throttles(request)
    ~~~~~~~~~~~~~~~~~~~~^^^^^^^^^
  File "/home/didacticiel/Bureau/Projets/cv-didacticiel-platform/backend/venv/lib/python3.13/site-packages/rest_framework/views.py", line 365, in check_throttles
    if not throttle.allow_request(request, self):
           ~~~~~~~~~~~~~~~~~~~~~~^^^^^^^^^^^^^^^
  File "/home/didacticiel/Bureau/Projets/cv-didacticiel-platform/backend/venv/lib/python3.13/site-packages/rest_framework/throttling.py", line 123, in allow_request
    self.history = self.cache.get(self.key, [])
                   ~~~~~~~~~~~~~~^^^^^^^^^^^^^^
  File "/home/didacticiel/Bureau/Projets/cv-didacticiel-platform/backend/venv/lib/python3.13/site-packages/django_redis/cache.py", line 92, in get
    value = self._get(key, default, version, client)
  File "/home/didacticiel/Bureau/Projets/cv-didacticiel-platform/backend/venv/lib/python3.13/site-packages/django_redis/cache.py", line 36, in _decorator
    raise e.__cause__  # noqa: B904
    ^^^^^^^^^^^^^^^^^
  File "/home/didacticiel/Bureau/Projets/cv-didacticiel-platform/backend/venv/lib/python3.13/site-packages/django_redis/client/default.py", line 298, in get
    value = client.get(key)
  File "/home/didacticiel/Bureau/Projets/cv-didacticiel-platform/backend/venv/lib/python3.13/site-packages/redis/commands/core.py", line 1834, in get
    return self.execute_command("GET", name, keys=[name])
           ~~~~~~~~~~~~~~~~~~~~^^^^^^^^^^^^^^^^^^^^^^^^^^
  File "/home/didacticiel/Bureau/Projets/cv-didacticiel-platform/backend/venv/lib/python3.13/site-packages/redis/client.py", line 657, in execute_command
    return self._execute_command(*args, **options)
           ~~~~~~~~~~~~~~~~~~~~~^^^^^^^^^^^^^^^^^^
  File "/home/didacticiel/Bureau/Projets/cv-didacticiel-platform/backend/venv/lib/python3.13/site-packages/redis/client.py", line 663, in _execute_command
    conn = self.connection or pool.get_connection()
                              ~~~~~~~~~~~~~~~~~~~^^
  File "/home/didacticiel/Bureau/Projets/cv-didacticiel-platform/backend/venv/lib/python3.13/site-packages/redis/utils.py", line 196, in wrapper
    return func(*args, **kwargs)
  File "/home/didacticiel/Bureau/Projets/cv-didacticiel-platform/backend/venv/lib/python3.13/site-packages/redis/connection.py", line 2601, in get_connection
    connection.connect()
    ~~~~~~~~~~~~~~~~~~^^
  File "/home/didacticiel/Bureau/Projets/cv-didacticiel-platform/backend/venv/lib/python3.13/site-packages/redis/connection.py", line 846, in connect
    self.connect_check_health(check_health=True)
    ~~~~~~~~~~~~~~~~~~~~~~~~~^^^^^^^^^^^^^^^^^^^
  File "/home/didacticiel/Bureau/Projets/cv-didacticiel-platform/backend/venv/lib/python3.13/site-packages/redis/connection.py", line 863, in connect_check_health
    raise ConnectionError(self._error_message(e))
redis.exceptions.ConnectionError: Error 111 connecting to localhost:6379. Connection refused.
WARNING 2025-11-19 09:28:47,319 log 8216 125007135819584 Unauthorized: /api/v1/users/me/
ERROR 2025-11-19 09:28:48,316 log 8216 125007135819584 Internal Server Error: /api/v1/auth/login/
Traceback (most recent call last):
  File "/home/didacticiel/Bureau/Projets/cv-didacticiel-platform/backend/venv/lib/python3.13/site-packages/django_redis/cache.py", line 29, in _decorator
    return method(self, *args, **kwargs)
  File "/home/didacticiel/Bureau/Projets/cv-didacticiel-platform/backend/venv/lib/python3.13/site-packages/django_redis/cache.py", line 99, in _get
    return self.client.get(key, default=default, version=version, client=client)
           ~~~~~~~~~~~~~~~^^^^^^^^^^^^^^^^^^^^^^^^^^^^^^^^^^^^^^^^^^^^^^^^^^^^^^
  File "/home/didacticiel/Bureau/Projets/cv-didacticiel-platform/backend/venv/lib/python3.13/site-packages/django_redis/client/default.py", line 300, in get
    raise ConnectionInterrupted(connection=client) from e
django_redis.exceptions.ConnectionInterrupted: Redis ConnectionError: Error 111 connecting to localhost:6379. Connection refused.

During handling of the above exception, another exception occurred:

Traceback (most recent call last):
  File "/home/didacticiel/Bureau/Projets/cv-didacticiel-platform/backend/venv/lib/python3.13/site-packages/django/core/handlers/exception.py", line 55, in inner
    response = get_response(request)
  File "/home/didacticiel/Bureau/Projets/cv-didacticiel-platform/backend/venv/lib/python3.13/site-packages/django/core/handlers/base.py", line 197, in _get_response
    response = wrapped_callback(request, *callback_args, **callback_kwargs)
  File "/home/didacticiel/miniconda3/lib/python3.13/contextlib.py", line 85, in inner
    return func(*args, **kwds)
  File "/home/didacticiel/Bureau/Projets/cv-didacticiel-platform/backend/venv/lib/python3.13/site-packages/django/views/decorators/csrf.py", line 65, in _view_wrapper
    return view_func(request, *args, **kwargs)
  File "/home/didacticiel/Bureau/Projets/cv-didacticiel-platform/backend/venv/lib/python3.13/site-packages/django/views/generic/base.py", line 105, in view
    return self.dispatch(request, *args, **kwargs)
           ~~~~~~~~~~~~~^^^^^^^^^^^^^^^^^^^^^^^^^^
  File "/home/didacticiel/Bureau/Projets/cv-didacticiel-platform/backend/venv/lib/python3.13/site-packages/rest_framework/views.py", line 515, in dispatch
    response = self.handle_exception(exc)
  File "/home/didacticiel/Bureau/Projets/cv-didacticiel-platform/backend/venv/lib/python3.13/site-packages/rest_framework/views.py", line 475, in handle_exception
    self.raise_uncaught_exception(exc)
    ~~~~~~~~~~~~~~~~~~~~~~~~~~~~~^^^^^
  File "/home/didacticiel/Bureau/Projets/cv-didacticiel-platform/backend/venv/lib/python3.13/site-packages/rest_framework/views.py", line 486, in raise_uncaught_exception
    raise exc
  File "/home/didacticiel/Bureau/Projets/cv-didacticiel-platform/backend/venv/lib/python3.13/site-packages/rest_framework/views.py", line 503, in dispatch
    self.initial(request, *args, **kwargs)
    ~~~~~~~~~~~~^^^^^^^^^^^^^^^^^^^^^^^^^^
  File "/home/didacticiel/Bureau/Projets/cv-didacticiel-platform/backend/venv/lib/python3.13/site-packages/rest_framework/views.py", line 422, in initial
    self.check_throttles(request)
    ~~~~~~~~~~~~~~~~~~~~^^^^^^^^^
  File "/home/didacticiel/Bureau/Projets/cv-didacticiel-platform/backend/venv/lib/python3.13/site-packages/rest_framework/views.py", line 365, in check_throttles
    if not throttle.allow_request(request, self):
           ~~~~~~~~~~~~~~~~~~~~~~^^^^^^^^^^^^^^^
  File "/home/didacticiel/Bureau/Projets/cv-didacticiel-platform/backend/venv/lib/python3.13/site-packages/rest_framework/throttling.py", line 123, in allow_request
    self.history = self.cache.get(self.key, [])
                   ~~~~~~~~~~~~~~^^^^^^^^^^^^^^
  File "/home/didacticiel/Bureau/Projets/cv-didacticiel-platform/backend/venv/lib/python3.13/site-packages/django_redis/cache.py", line 92, in get
    value = self._get(key, default, version, client)
  File "/home/didacticiel/Bureau/Projets/cv-didacticiel-platform/backend/venv/lib/python3.13/site-packages/django_redis/cache.py", line 36, in _decorator
    raise e.__cause__  # noqa: B904
    ^^^^^^^^^^^^^^^^^
  File "/home/didacticiel/Bureau/Projets/cv-didacticiel-platform/backend/venv/lib/python3.13/site-packages/django_redis/client/default.py", line 298, in get
    value = client.get(key)
  File "/home/didacticiel/Bureau/Projets/cv-didacticiel-platform/backend/venv/lib/python3.13/site-packages/redis/commands/core.py", line 1834, in get
    return self.execute_command("GET", name, keys=[name])
           ~~~~~~~~~~~~~~~~~~~~^^^^^^^^^^^^^^^^^^^^^^^^^^
  File "/home/didacticiel/Bureau/Projets/cv-didacticiel-platform/backend/venv/lib/python3.13/site-packages/redis/client.py", line 657, in execute_command
    return self._execute_command(*args, **options)
           ~~~~~~~~~~~~~~~~~~~~~^^^^^^^^^^^^^^^^^^
  File "/home/didacticiel/Bureau/Projets/cv-didacticiel-platform/backend/venv/lib/python3.13/site-packages/redis/client.py", line 663, in _execute_command
    conn = self.connection or pool.get_connection()
                              ~~~~~~~~~~~~~~~~~~~^^
  File "/home/didacticiel/Bureau/Projets/cv-didacticiel-platform/backend/venv/lib/python3.13/site-packages/redis/utils.py", line 196, in wrapper
    return func(*args, **kwargs)
  File "/home/didacticiel/Bureau/Projets/cv-didacticiel-platform/backend/venv/lib/python3.13/site-packages/redis/connection.py", line 2601, in get_connection
    connection.connect()
    ~~~~~~~~~~~~~~~~~~^^
  File "/home/didacticiel/Bureau/Projets/cv-didacticiel-platform/backend/venv/lib/python3.13/site-packages/redis/connection.py", line 846, in connect
    self.connect_check_health(check_health=True)
    ~~~~~~~~~~~~~~~~~~~~~~~~~^^^^^^^^^^^^^^^^^^^
  File "/home/didacticiel/Bureau/Projets/cv-didacticiel-platform/backend/venv/lib/python3.13/site-packages/redis/connection.py", line 863, in connect_check_health
    raise ConnectionError(self._error_message(e))
redis.exceptions.ConnectionError: Error 111 connecting to localhost:6379. Connection refused.
ERROR 2025-11-19 09:28:49,802 log 8216 125007135819584 Internal Server Error: /api/v1/auth/login/
Traceback (most recent call last):
  File "/home/didacticiel/Bureau/Projets/cv-didacticiel-platform/backend/venv/lib/python3.13/site-packages/django_redis/cache.py", line 29, in _decorator
    return method(self, *args, **kwargs)
  File "/home/didacticiel/Bureau/Projets/cv-didacticiel-platform/backend/venv/lib/python3.13/site-packages/django_redis/cache.py", line 99, in _get
    return self.client.get(key, default=default, version=version, client=client)
           ~~~~~~~~~~~~~~~^^^^^^^^^^^^^^^^^^^^^^^^^^^^^^^^^^^^^^^^^^^^^^^^^^^^^^
  File "/home/didacticiel/Bureau/Projets/cv-didacticiel-platform/backend/venv/lib/python3.13/site-packages/django_redis/client/default.py", line 300, in get
    raise ConnectionInterrupted(connection=client) from e
django_redis.exceptions.ConnectionInterrupted: Redis ConnectionError: Error 111 connecting to localhost:6379. Connection refused.

During handling of the above exception, another exception occurred:

Traceback (most recent call last):
  File "/home/didacticiel/Bureau/Projets/cv-didacticiel-platform/backend/venv/lib/python3.13/site-packages/django/core/handlers/exception.py", line 55, in inner
    response = get_response(request)
  File "/home/didacticiel/Bureau/Projets/cv-didacticiel-platform/backend/venv/lib/python3.13/site-packages/django/core/handlers/base.py", line 197, in _get_response
    response = wrapped_callback(request, *callback_args, **callback_kwargs)
  File "/home/didacticiel/miniconda3/lib/python3.13/contextlib.py", line 85, in inner
    return func(*args, **kwds)
  File "/home/didacticiel/Bureau/Projets/cv-didacticiel-platform/backend/venv/lib/python3.13/site-packages/django/views/decorators/csrf.py", line 65, in _view_wrapper
    return view_func(request, *args, **kwargs)
  File "/home/didacticiel/Bureau/Projets/cv-didacticiel-platform/backend/venv/lib/python3.13/site-packages/django/views/generic/base.py", line 105, in view
    return self.dispatch(request, *args, **kwargs)
           ~~~~~~~~~~~~~^^^^^^^^^^^^^^^^^^^^^^^^^^
  File "/home/didacticiel/Bureau/Projets/cv-didacticiel-platform/backend/venv/lib/python3.13/site-packages/rest_framework/views.py", line 515, in dispatch
    response = self.handle_exception(exc)
  File "/home/didacticiel/Bureau/Projets/cv-didacticiel-platform/backend/venv/lib/python3.13/site-packages/rest_framework/views.py", line 475, in handle_exception
    self.raise_uncaught_exception(exc)
    ~~~~~~~~~~~~~~~~~~~~~~~~~~~~~^^^^^
  File "/home/didacticiel/Bureau/Projets/cv-didacticiel-platform/backend/venv/lib/python3.13/site-packages/rest_framework/views.py", line 486, in raise_uncaught_exception
    raise exc
  File "/home/didacticiel/Bureau/Projets/cv-didacticiel-platform/backend/venv/lib/python3.13/site-packages/rest_framework/views.py", line 503, in dispatch
    self.initial(request, *args, **kwargs)
    ~~~~~~~~~~~~^^^^^^^^^^^^^^^^^^^^^^^^^^
  File "/home/didacticiel/Bureau/Projets/cv-didacticiel-platform/backend/venv/lib/python3.13/site-packages/rest_framework/views.py", line 422, in initial
    self.check_throttles(request)
    ~~~~~~~~~~~~~~~~~~~~^^^^^^^^^
  File "/home/didacticiel/Bureau/Projets/cv-didacticiel-platform/backend/venv/lib/python3.13/site-packages/rest_framework/views.py", line 365, in check_throttles
    if not throttle.allow_request(request, self):
           ~~~~~~~~~~~~~~~~~~~~~~^^^^^^^^^^^^^^^
  File "/home/didacticiel/Bureau/Projets/cv-didacticiel-platform/backend/venv/lib/python3.13/site-packages/rest_framework/throttling.py", line 123, in allow_request
    self.history = self.cache.get(self.key, [])
                   ~~~~~~~~~~~~~~^^^^^^^^^^^^^^
  File "/home/didacticiel/Bureau/Projets/cv-didacticiel-platform/backend/venv/lib/python3.13/site-packages/django_redis/cache.py", line 92, in get
    value = self._get(key, default, version, client)
  File "/home/didacticiel/Bureau/Projets/cv-didacticiel-platform/backend/venv/lib/python3.13/site-packages/django_redis/cache.py", line 36, in _decorator
    raise e.__cause__  # noqa: B904
    ^^^^^^^^^^^^^^^^^
  File "/home/didacticiel/Bureau/Projets/cv-didacticiel-platform/backend/venv/lib/python3.13/site-packages/django_redis/client/default.py", line 298, in get
    value = client.get(key)
  File "/home/didacticiel/Bureau/Projets/cv-didacticiel-platform/backend/venv/lib/python3.13/site-packages/redis/commands/core.py", line 1834, in get
    return self.execute_command("GET", name, keys=[name])
           ~~~~~~~~~~~~~~~~~~~~^^^^^^^^^^^^^^^^^^^^^^^^^^
  File "/home/didacticiel/Bureau/Projets/cv-didacticiel-platform/backend/venv/lib/python3.13/site-packages/redis/client.py", line 657, in execute_command
    return self._execute_command(*args, **options)
           ~~~~~~~~~~~~~~~~~~~~~^^^^^^^^^^^^^^^^^^
  File "/home/didacticiel/Bureau/Projets/cv-didacticiel-platform/backend/venv/lib/python3.13/site-packages/redis/client.py", line 663, in _execute_command
    conn = self.connection or pool.get_connection()
                              ~~~~~~~~~~~~~~~~~~~^^
  File "/home/didacticiel/Bureau/Projets/cv-didacticiel-platform/backend/venv/lib/python3.13/site-packages/redis/utils.py", line 196, in wrapper
    return func(*args, **kwargs)
  File "/home/didacticiel/Bureau/Projets/cv-didacticiel-platform/backend/venv/lib/python3.13/site-packages/redis/connection.py", line 2601, in get_connection
    connection.connect()
    ~~~~~~~~~~~~~~~~~~^^
  File "/home/didacticiel/Bureau/Projets/cv-didacticiel-platform/backend/venv/lib/python3.13/site-packages/redis/connection.py", line 846, in connect
    self.connect_check_health(check_health=True)
    ~~~~~~~~~~~~~~~~~~~~~~~~~^^^^^^^^^^^^^^^^^^^
  File "/home/didacticiel/Bureau/Projets/cv-didacticiel-platform/backend/venv/lib/python3.13/site-packages/redis/connection.py", line 863, in connect_check_health
    raise ConnectionError(self._error_message(e))
redis.exceptions.ConnectionError: Error 111 connecting to localhost:6379. Connection refused.
ERROR 2025-11-19 09:28:51,216 log 8216 125007135819584 Internal Server Error: /api/v1/auth/login/
Traceback (most recent call last):
  File "/home/didacticiel/Bureau/Projets/cv-didacticiel-platform/backend/venv/lib/python3.13/site-packages/django_redis/cache.py", line 29, in _decorator
    return method(self, *args, **kwargs)
  File "/home/didacticiel/Bureau/Projets/cv-didacticiel-platform/backend/venv/lib/python3.13/site-packages/django_redis/cache.py", line 99, in _get
    return self.client.get(key, default=default, version=version, client=client)
           ~~~~~~~~~~~~~~~^^^^^^^^^^^^^^^^^^^^^^^^^^^^^^^^^^^^^^^^^^^^^^^^^^^^^^
  File "/home/didacticiel/Bureau/Projets/cv-didacticiel-platform/backend/venv/lib/python3.13/site-packages/django_redis/client/default.py", line 300, in get
    raise ConnectionInterrupted(connection=client) from e
django_redis.exceptions.ConnectionInterrupted: Redis ConnectionError: Error 111 connecting to localhost:6379. Connection refused.

During handling of the above exception, another exception occurred:

Traceback (most recent call last):
  File "/home/didacticiel/Bureau/Projets/cv-didacticiel-platform/backend/venv/lib/python3.13/site-packages/django/core/handlers/exception.py", line 55, in inner
    response = get_response(request)
  File "/home/didacticiel/Bureau/Projets/cv-didacticiel-platform/backend/venv/lib/python3.13/site-packages/django/core/handlers/base.py", line 197, in _get_response
    response = wrapped_callback(request, *callback_args, **callback_kwargs)
  File "/home/didacticiel/miniconda3/lib/python3.13/contextlib.py", line 85, in inner
    return func(*args, **kwds)
  File "/home/didacticiel/Bureau/Projets/cv-didacticiel-platform/backend/venv/lib/python3.13/site-packages/django/views/decorators/csrf.py", line 65, in _view_wrapper
    return view_func(request, *args, **kwargs)
  File "/home/didacticiel/Bureau/Projets/cv-didacticiel-platform/backend/venv/lib/python3.13/site-packages/django/views/generic/base.py", line 105, in view
    return self.dispatch(request, *args, **kwargs)
           ~~~~~~~~~~~~~^^^^^^^^^^^^^^^^^^^^^^^^^^
  File "/home/didacticiel/Bureau/Projets/cv-didacticiel-platform/backend/venv/lib/python3.13/site-packages/rest_framework/views.py", line 515, in dispatch
    response = self.handle_exception(exc)
  File "/home/didacticiel/Bureau/Projets/cv-didacticiel-platform/backend/venv/lib/python3.13/site-packages/rest_framework/views.py", line 475, in handle_exception
    self.raise_uncaught_exception(exc)
    ~~~~~~~~~~~~~~~~~~~~~~~~~~~~~^^^^^
  File "/home/didacticiel/Bureau/Projets/cv-didacticiel-platform/backend/venv/lib/python3.13/site-packages/rest_framework/views.py", line 486, in raise_uncaught_exception
    raise exc
  File "/home/didacticiel/Bureau/Projets/cv-didacticiel-platform/backend/venv/lib/python3.13/site-packages/rest_framework/views.py", line 503, in dispatch
    self.initial(request, *args, **kwargs)
    ~~~~~~~~~~~~^^^^^^^^^^^^^^^^^^^^^^^^^^
  File "/home/didacticiel/Bureau/Projets/cv-didacticiel-platform/backend/venv/lib/python3.13/site-packages/rest_framework/views.py", line 422, in initial
    self.check_throttles(request)
    ~~~~~~~~~~~~~~~~~~~~^^^^^^^^^
  File "/home/didacticiel/Bureau/Projets/cv-didacticiel-platform/backend/venv/lib/python3.13/site-packages/rest_framework/views.py", line 365, in check_throttles
    if not throttle.allow_request(request, self):
           ~~~~~~~~~~~~~~~~~~~~~~^^^^^^^^^^^^^^^
  File "/home/didacticiel/Bureau/Projets/cv-didacticiel-platform/backend/venv/lib/python3.13/site-packages/rest_framework/throttling.py", line 123, in allow_request
    self.history = self.cache.get(self.key, [])
                   ~~~~~~~~~~~~~~^^^^^^^^^^^^^^
  File "/home/didacticiel/Bureau/Projets/cv-didacticiel-platform/backend/venv/lib/python3.13/site-packages/django_redis/cache.py", line 92, in get
    value = self._get(key, default, version, client)
  File "/home/didacticiel/Bureau/Projets/cv-didacticiel-platform/backend/venv/lib/python3.13/site-packages/django_redis/cache.py", line 36, in _decorator
    raise e.__cause__  # noqa: B904
    ^^^^^^^^^^^^^^^^^
  File "/home/didacticiel/Bureau/Projets/cv-didacticiel-platform/backend/venv/lib/python3.13/site-packages/django_redis/client/default.py", line 298, in get
    value = client.get(key)
  File "/home/didacticiel/Bureau/Projets/cv-didacticiel-platform/backend/venv/lib/python3.13/site-packages/redis/commands/core.py", line 1834, in get
    return self.execute_command("GET", name, keys=[name])
           ~~~~~~~~~~~~~~~~~~~~^^^^^^^^^^^^^^^^^^^^^^^^^^
  File "/home/didacticiel/Bureau/Projets/cv-didacticiel-platform/backend/venv/lib/python3.13/site-packages/redis/client.py", line 657, in execute_command
    return self._execute_command(*args, **options)
           ~~~~~~~~~~~~~~~~~~~~~^^^^^^^^^^^^^^^^^^
  File "/home/didacticiel/Bureau/Projets/cv-didacticiel-platform/backend/venv/lib/python3.13/site-packages/redis/client.py", line 663, in _execute_command
    conn = self.connection or pool.get_connection()
                              ~~~~~~~~~~~~~~~~~~~^^
  File "/home/didacticiel/Bureau/Projets/cv-didacticiel-platform/backend/venv/lib/python3.13/site-packages/redis/utils.py", line 196, in wrapper
    return func(*args, **kwargs)
  File "/home/didacticiel/Bureau/Projets/cv-didacticiel-platform/backend/venv/lib/python3.13/site-packages/redis/connection.py", line 2601, in get_connection
    connection.connect()
    ~~~~~~~~~~~~~~~~~~^^
  File "/home/didacticiel/Bureau/Projets/cv-didacticiel-platform/backend/venv/lib/python3.13/site-packages/redis/connection.py", line 846, in connect
    self.connect_check_health(check_health=True)
    ~~~~~~~~~~~~~~~~~~~~~~~~~^^^^^^^^^^^^^^^^^^^
  File "/home/didacticiel/Bureau/Projets/cv-didacticiel-platform/backend/venv/lib/python3.13/site-packages/redis/connection.py", line 863, in connect_check_health
    raise ConnectionError(self._error_message(e))
redis.exceptions.ConnectionError: Error 111 connecting to localhost:6379. Connection refused.
ERROR 2025-11-19 09:28:52,627 log 8216 125007135819584 Internal Server Error: /api/v1/users/register/
Traceback (most recent call last):
  File "/home/didacticiel/Bureau/Projets/cv-didacticiel-platform/backend/venv/lib/python3.13/site-packages/django_redis/cache.py", line 29, in _decorator
    return method(self, *args, **kwargs)
  File "/home/didacticiel/Bureau/Projets/cv-didacticiel-platform/backend/venv/lib/python3.13/site-packages/django_redis/cache.py", line 99, in _get
    return self.client.get(key, default=default, version=version, client=client)
           ~~~~~~~~~~~~~~~^^^^^^^^^^^^^^^^^^^^^^^^^^^^^^^^^^^^^^^^^^^^^^^^^^^^^^
  File "/home/didacticiel/Bureau/Projets/cv-didacticiel-platform/backend/venv/lib/python3.13/site-packages/django_redis/client/default.py", line 300, in get
    raise ConnectionInterrupted(connection=client) from e
django_redis.exceptions.ConnectionInterrupted: Redis ConnectionError: Error 111 connecting to localhost:6379. Connection refused.

During handling of the above exception, another exception occurred:

Traceback (most recent call last):
  File "/home/didacticiel/Bureau/Projets/cv-didacticiel-platform/backend/venv/lib/python3.13/site-packages/django/core/handlers/exception.py", line 55, in inner
    response = get_response(request)
  File "/home/didacticiel/Bureau/Projets/cv-didacticiel-platform/backend/venv/lib/python3.13/site-packages/django/core/handlers/base.py", line 197, in _get_response
    response = wrapped_callback(request, *callback_args, **callback_kwargs)
  File "/home/didacticiel/miniconda3/lib/python3.13/contextlib.py", line 85, in inner
    return func(*args, **kwds)
  File "/home/didacticiel/Bureau/Projets/cv-didacticiel-platform/backend/venv/lib/python3.13/site-packages/django/views/decorators/csrf.py", line 65, in _view_wrapper
    return view_func(request, *args, **kwargs)
  File "/home/didacticiel/Bureau/Projets/cv-didacticiel-platform/backend/venv/lib/python3.13/site-packages/django/views/generic/base.py", line 105, in view
    return self.dispatch(request, *args, **kwargs)
           ~~~~~~~~~~~~~^^^^^^^^^^^^^^^^^^^^^^^^^^
  File "/home/didacticiel/Bureau/Projets/cv-didacticiel-platform/backend/venv/lib/python3.13/site-packages/rest_framework/views.py", line 515, in dispatch
    response = self.handle_exception(exc)
  File "/home/didacticiel/Bureau/Projets/cv-didacticiel-platform/backend/venv/lib/python3.13/site-packages/rest_framework/views.py", line 475, in handle_exception
    self.raise_uncaught_exception(exc)
    ~~~~~~~~~~~~~~~~~~~~~~~~~~~~~^^^^^
  File "/home/didacticiel/Bureau/Projets/cv-didacticiel-platform/backend/venv/lib/python3.13/site-packages/rest_framework/views.py", line 486, in raise_uncaught_exception
    raise exc
  File "/home/didacticiel/Bureau/Projets/cv-didacticiel-platform/backend/venv/lib/python3.13/site-packages/rest_framework/views.py", line 503, in dispatch
    self.initial(request, *args, **kwargs)
    ~~~~~~~~~~~~^^^^^^^^^^^^^^^^^^^^^^^^^^
  File "/home/didacticiel/Bureau/Projets/cv-didacticiel-platform/backend/venv/lib/python3.13/site-packages/rest_framework/views.py", line 422, in initial
    self.check_throttles(request)
    ~~~~~~~~~~~~~~~~~~~~^^^^^^^^^
  File "/home/didacticiel/Bureau/Projets/cv-didacticiel-platform/backend/venv/lib/python3.13/site-packages/rest_framework/views.py", line 365, in check_throttles
    if not throttle.allow_request(request, self):
           ~~~~~~~~~~~~~~~~~~~~~~^^^^^^^^^^^^^^^
  File "/home/didacticiel/Bureau/Projets/cv-didacticiel-platform/backend/venv/lib/python3.13/site-packages/rest_framework/throttling.py", line 123, in allow_request
    self.history = self.cache.get(self.key, [])
                   ~~~~~~~~~~~~~~^^^^^^^^^^^^^^
  File "/home/didacticiel/Bureau/Projets/cv-didacticiel-platform/backend/venv/lib/python3.13/site-packages/django_redis/cache.py", line 92, in get
    value = self._get(key, default, version, client)
  File "/home/didacticiel/Bureau/Projets/cv-didacticiel-platform/backend/venv/lib/python3.13/site-packages/django_redis/cache.py", line 36, in _decorator
    raise e.__cause__  # noqa: B904
    ^^^^^^^^^^^^^^^^^
  File "/home/didacticiel/Bureau/Projets/cv-didacticiel-platform/backend/venv/lib/python3.13/site-packages/django_redis/client/default.py", line 298, in get
    value = client.get(key)
  File "/home/didacticiel/Bureau/Projets/cv-didacticiel-platform/backend/venv/lib/python3.13/site-packages/redis/commands/core.py", line 1834, in get
    return self.execute_command("GET", name, keys=[name])
           ~~~~~~~~~~~~~~~~~~~~^^^^^^^^^^^^^^^^^^^^^^^^^^
  File "/home/didacticiel/Bureau/Projets/cv-didacticiel-platform/backend/venv/lib/python3.13/site-packages/redis/client.py", line 657, in execute_command
    return self._execute_command(*args, **options)
           ~~~~~~~~~~~~~~~~~~~~~^^^^^^^^^^^^^^^^^^
  File "/home/didacticiel/Bureau/Projets/cv-didacticiel-platform/backend/venv/lib/python3.13/site-packages/redis/client.py", line 663, in _execute_command
    conn = self.connection or pool.get_connection()
                              ~~~~~~~~~~~~~~~~~~~^^
  File "/home/didacticiel/Bureau/Projets/cv-didacticiel-platform/backend/venv/lib/python3.13/site-packages/redis/utils.py", line 196, in wrapper
    return func(*args, **kwargs)
  File "/home/didacticiel/Bureau/Projets/cv-didacticiel-platform/backend/venv/lib/python3.13/site-packages/redis/connection.py", line 2601, in get_connection
    connection.connect()
    ~~~~~~~~~~~~~~~~~~^^
  File "/home/didacticiel/Bureau/Projets/cv-didacticiel-platform/backend/venv/lib/python3.13/site-packages/redis/connection.py", line 846, in connect
    self.connect_check_health(check_health=True)
    ~~~~~~~~~~~~~~~~~~~~~~~~~^^^^^^^^^^^^^^^^^^^
  File "/home/didacticiel/Bureau/Projets/cv-didacticiel-platform/backend/venv/lib/python3.13/site-packages/redis/connection.py", line 863, in connect_check_health
    raise ConnectionError(self._error_message(e))
redis.exceptions.ConnectionError: Error 111 connecting to localhost:6379. Connection refused.
ERROR 2025-11-19 09:28:54,043 log 8216 125007135819584 Internal Server Error: /api/v1/users/register/
Traceback (most recent call last):
  File "/home/didacticiel/Bureau/Projets/cv-didacticiel-platform/backend/venv/lib/python3.13/site-packages/django_redis/cache.py", line 29, in _decorator
    return method(self, *args, **kwargs)
  File "/home/didacticiel/Bureau/Projets/cv-didacticiel-platform/backend/venv/lib/python3.13/site-packages/django_redis/cache.py", line 99, in _get
    return self.client.get(key, default=default, version=version, client=client)
           ~~~~~~~~~~~~~~~^^^^^^^^^^^^^^^^^^^^^^^^^^^^^^^^^^^^^^^^^^^^^^^^^^^^^^
  File "/home/didacticiel/Bureau/Projets/cv-didacticiel-platform/backend/venv/lib/python3.13/site-packages/django_redis/client/default.py", line 300, in get
    raise ConnectionInterrupted(connection=client) from e
django_redis.exceptions.ConnectionInterrupted: Redis ConnectionError: Error 111 connecting to localhost:6379. Connection refused.

During handling of the above exception, another exception occurred:

Traceback (most recent call last):
  File "/home/didacticiel/Bureau/Projets/cv-didacticiel-platform/backend/venv/lib/python3.13/site-packages/django/core/handlers/exception.py", line 55, in inner
    response = get_response(request)
  File "/home/didacticiel/Bureau/Projets/cv-didacticiel-platform/backend/venv/lib/python3.13/site-packages/django/core/handlers/base.py", line 197, in _get_response
    response = wrapped_callback(request, *callback_args, **callback_kwargs)
  File "/home/didacticiel/miniconda3/lib/python3.13/contextlib.py", line 85, in inner
    return func(*args, **kwds)
  File "/home/didacticiel/Bureau/Projets/cv-didacticiel-platform/backend/venv/lib/python3.13/site-packages/django/views/decorators/csrf.py", line 65, in _view_wrapper
    return view_func(request, *args, **kwargs)
  File "/home/didacticiel/Bureau/Projets/cv-didacticiel-platform/backend/venv/lib/python3.13/site-packages/django/views/generic/base.py", line 105, in view
    return self.dispatch(request, *args, **kwargs)
           ~~~~~~~~~~~~~^^^^^^^^^^^^^^^^^^^^^^^^^^
  File "/home/didacticiel/Bureau/Projets/cv-didacticiel-platform/backend/venv/lib/python3.13/site-packages/rest_framework/views.py", line 515, in dispatch
    response = self.handle_exception(exc)
  File "/home/didacticiel/Bureau/Projets/cv-didacticiel-platform/backend/venv/lib/python3.13/site-packages/rest_framework/views.py", line 475, in handle_exception
    self.raise_uncaught_exception(exc)
    ~~~~~~~~~~~~~~~~~~~~~~~~~~~~~^^^^^
  File "/home/didacticiel/Bureau/Projets/cv-didacticiel-platform/backend/venv/lib/python3.13/site-packages/rest_framework/views.py", line 486, in raise_uncaught_exception
    raise exc
  File "/home/didacticiel/Bureau/Projets/cv-didacticiel-platform/backend/venv/lib/python3.13/site-packages/rest_framework/views.py", line 503, in dispatch
    self.initial(request, *args, **kwargs)
    ~~~~~~~~~~~~^^^^^^^^^^^^^^^^^^^^^^^^^^
  File "/home/didacticiel/Bureau/Projets/cv-didacticiel-platform/backend/venv/lib/python3.13/site-packages/rest_framework/views.py", line 422, in initial
    self.check_throttles(request)
    ~~~~~~~~~~~~~~~~~~~~^^^^^^^^^
  File "/home/didacticiel/Bureau/Projets/cv-didacticiel-platform/backend/venv/lib/python3.13/site-packages/rest_framework/views.py", line 365, in check_throttles
    if not throttle.allow_request(request, self):
           ~~~~~~~~~~~~~~~~~~~~~~^^^^^^^^^^^^^^^
  File "/home/didacticiel/Bureau/Projets/cv-didacticiel-platform/backend/venv/lib/python3.13/site-packages/rest_framework/throttling.py", line 123, in allow_request
    self.history = self.cache.get(self.key, [])
                   ~~~~~~~~~~~~~~^^^^^^^^^^^^^^
  File "/home/didacticiel/Bureau/Projets/cv-didacticiel-platform/backend/venv/lib/python3.13/site-packages/django_redis/cache.py", line 92, in get
    value = self._get(key, default, version, client)
  File "/home/didacticiel/Bureau/Projets/cv-didacticiel-platform/backend/venv/lib/python3.13/site-packages/django_redis/cache.py", line 36, in _decorator
    raise e.__cause__  # noqa: B904
    ^^^^^^^^^^^^^^^^^
  File "/home/didacticiel/Bureau/Projets/cv-didacticiel-platform/backend/venv/lib/python3.13/site-packages/django_redis/client/default.py", line 298, in get
    value = client.get(key)
  File "/home/didacticiel/Bureau/Projets/cv-didacticiel-platform/backend/venv/lib/python3.13/site-packages/redis/commands/core.py", line 1834, in get
    return self.execute_command("GET", name, keys=[name])
           ~~~~~~~~~~~~~~~~~~~~^^^^^^^^^^^^^^^^^^^^^^^^^^
  File "/home/didacticiel/Bureau/Projets/cv-didacticiel-platform/backend/venv/lib/python3.13/site-packages/redis/client.py", line 657, in execute_command
    return self._execute_command(*args, **options)
           ~~~~~~~~~~~~~~~~~~~~~^^^^^^^^^^^^^^^^^^
  File "/home/didacticiel/Bureau/Projets/cv-didacticiel-platform/backend/venv/lib/python3.13/site-packages/redis/client.py", line 663, in _execute_command
    conn = self.connection or pool.get_connection()
                              ~~~~~~~~~~~~~~~~~~~^^
  File "/home/didacticiel/Bureau/Projets/cv-didacticiel-platform/backend/venv/lib/python3.13/site-packages/redis/utils.py", line 196, in wrapper
    return func(*args, **kwargs)
  File "/home/didacticiel/Bureau/Projets/cv-didacticiel-platform/backend/venv/lib/python3.13/site-packages/redis/connection.py", line 2601, in get_connection
    connection.connect()
    ~~~~~~~~~~~~~~~~~~^^
  File "/home/didacticiel/Bureau/Projets/cv-didacticiel-platform/backend/venv/lib/python3.13/site-packages/redis/connection.py", line 846, in connect
    self.connect_check_health(check_health=True)
    ~~~~~~~~~~~~~~~~~~~~~~~~~^^^^^^^^^^^^^^^^^^^
  File "/home/didacticiel/Bureau/Projets/cv-didacticiel-platform/backend/venv/lib/python3.13/site-packages/redis/connection.py", line 863, in connect_check_health
    raise ConnectionError(self._error_message(e))
redis.exceptions.ConnectionError: Error 111 connecting to localhost:6379. Connection refused.
ERROR 2025-11-19 09:29:33,406 log 8234 131920997447488 Internal Server Error: /api/v1/auth/login/
Traceback (most recent call last):
  File "/home/didacticiel/Bureau/Projets/cv-didacticiel-platform/backend/venv/lib/python3.13/site-packages/django_redis/cache.py", line 29, in _decorator
    return method(self, *args, **kwargs)
  File "/home/didacticiel/Bureau/Projets/cv-didacticiel-platform/backend/venv/lib/python3.13/site-packages/django_redis/cache.py", line 99, in _get
    return self.client.get(key, default=default, version=version, client=client)
           ~~~~~~~~~~~~~~~^^^^^^^^^^^^^^^^^^^^^^^^^^^^^^^^^^^^^^^^^^^^^^^^^^^^^^
  File "/home/didacticiel/Bureau/Projets/cv-didacticiel-platform/backend/venv/lib/python3.13/site-packages/django_redis/client/default.py", line 300, in get
    raise ConnectionInterrupted(connection=client) from e
django_redis.exceptions.ConnectionInterrupted: Redis ConnectionError: Error 111 connecting to localhost:6379. Connection refused.

During handling of the above exception, another exception occurred:

Traceback (most recent call last):
  File "/home/didacticiel/Bureau/Projets/cv-didacticiel-platform/backend/venv/lib/python3.13/site-packages/django/core/handlers/exception.py", line 55, in inner
    response = get_response(request)
  File "/home/didacticiel/Bureau/Projets/cv-didacticiel-platform/backend/venv/lib/python3.13/site-packages/django/core/handlers/base.py", line 197, in _get_response
    response = wrapped_callback(request, *callback_args, **callback_kwargs)
  File "/home/didacticiel/miniconda3/lib/python3.13/contextlib.py", line 85, in inner
    return func(*args, **kwds)
  File "/home/didacticiel/Bureau/Projets/cv-didacticiel-platform/backend/venv/lib/python3.13/site-packages/django/views/decorators/csrf.py", line 65, in _view_wrapper
    return view_func(request, *args, **kwargs)
  File "/home/didacticiel/Bureau/Projets/cv-didacticiel-platform/backend/venv/lib/python3.13/site-packages/django/views/generic/base.py", line 105, in view
    return self.dispatch(request, *args, **kwargs)
           ~~~~~~~~~~~~~^^^^^^^^^^^^^^^^^^^^^^^^^^
  File "/home/didacticiel/Bureau/Projets/cv-didacticiel-platform/backend/venv/lib/python3.13/site-packages/rest_framework/views.py", line 515, in dispatch
    response = self.handle_exception(exc)
  File "/home/didacticiel/Bureau/Projets/cv-didacticiel-platform/backend/venv/lib/python3.13/site-packages/rest_framework/views.py", line 475, in handle_exception
    self.raise_uncaught_exception(exc)
    ~~~~~~~~~~~~~~~~~~~~~~~~~~~~~^^^^^
  File "/home/didacticiel/Bureau/Projets/cv-didacticiel-platform/backend/venv/lib/python3.13/site-packages/rest_framework/views.py", line 486, in raise_uncaught_exception
    raise exc
  File "/home/didacticiel/Bureau/Projets/cv-didacticiel-platform/backend/venv/lib/python3.13/site-packages/rest_framework/views.py", line 503, in dispatch
    self.initial(request, *args, **kwargs)
    ~~~~~~~~~~~~^^^^^^^^^^^^^^^^^^^^^^^^^^
  File "/home/didacticiel/Bureau/Projets/cv-didacticiel-platform/backend/venv/lib/python3.13/site-packages/rest_framework/views.py", line 422, in initial
    self.check_throttles(request)
    ~~~~~~~~~~~~~~~~~~~~^^^^^^^^^
  File "/home/didacticiel/Bureau/Projets/cv-didacticiel-platform/backend/venv/lib/python3.13/site-packages/rest_framework/views.py", line 365, in check_throttles
    if not throttle.allow_request(request, self):
           ~~~~~~~~~~~~~~~~~~~~~~^^^^^^^^^^^^^^^
  File "/home/didacticiel/Bureau/Projets/cv-didacticiel-platform/backend/venv/lib/python3.13/site-packages/rest_framework/throttling.py", line 123, in allow_request
    self.history = self.cache.get(self.key, [])
                   ~~~~~~~~~~~~~~^^^^^^^^^^^^^^
  File "/home/didacticiel/Bureau/Projets/cv-didacticiel-platform/backend/venv/lib/python3.13/site-packages/django_redis/cache.py", line 92, in get
    value = self._get(key, default, version, client)
  File "/home/didacticiel/Bureau/Projets/cv-didacticiel-platform/backend/venv/lib/python3.13/site-packages/django_redis/cache.py", line 36, in _decorator
    raise e.__cause__  # noqa: B904
    ^^^^^^^^^^^^^^^^^
  File "/home/didacticiel/Bureau/Projets/cv-didacticiel-platform/backend/venv/lib/python3.13/site-packages/django_redis/client/default.py", line 298, in get
    value = client.get(key)
  File "/home/didacticiel/Bureau/Projets/cv-didacticiel-platform/backend/venv/lib/python3.13/site-packages/redis/commands/core.py", line 1834, in get
    return self.execute_command("GET", name, keys=[name])
           ~~~~~~~~~~~~~~~~~~~~^^^^^^^^^^^^^^^^^^^^^^^^^^
  File "/home/didacticiel/Bureau/Projets/cv-didacticiel-platform/backend/venv/lib/python3.13/site-packages/redis/client.py", line 657, in execute_command
    return self._execute_command(*args, **options)
           ~~~~~~~~~~~~~~~~~~~~~^^^^^^^^^^^^^^^^^^
  File "/home/didacticiel/Bureau/Projets/cv-didacticiel-platform/backend/venv/lib/python3.13/site-packages/redis/client.py", line 663, in _execute_command
    conn = self.connection or pool.get_connection()
                              ~~~~~~~~~~~~~~~~~~~^^
  File "/home/didacticiel/Bureau/Projets/cv-didacticiel-platform/backend/venv/lib/python3.13/site-packages/redis/utils.py", line 196, in wrapper
    return func(*args, **kwargs)
  File "/home/didacticiel/Bureau/Projets/cv-didacticiel-platform/backend/venv/lib/python3.13/site-packages/redis/connection.py", line 2601, in get_connection
    connection.connect()
    ~~~~~~~~~~~~~~~~~~^^
  File "/home/didacticiel/Bureau/Projets/cv-didacticiel-platform/backend/venv/lib/python3.13/site-packages/redis/connection.py", line 846, in connect
    self.connect_check_health(check_health=True)
    ~~~~~~~~~~~~~~~~~~~~~~~~~^^^^^^^^^^^^^^^^^^^
  File "/home/didacticiel/Bureau/Projets/cv-didacticiel-platform/backend/venv/lib/python3.13/site-packages/redis/connection.py", line 863, in connect_check_health
    raise ConnectionError(self._error_message(e))
redis.exceptions.ConnectionError: Error 111 connecting to localhost:6379. Connection refused.
WARNING 2025-11-19 09:29:34,951 log 8234 131920997447488 Unauthorized: /api/v1/users/me/
ERROR 2025-11-19 09:29:35,952 log 8234 131920997447488 Internal Server Error: /api/v1/auth/login/
Traceback (most recent call last):
  File "/home/didacticiel/Bureau/Projets/cv-didacticiel-platform/backend/venv/lib/python3.13/site-packages/django_redis/cache.py", line 29, in _decorator
    return method(self, *args, **kwargs)
  File "/home/didacticiel/Bureau/Projets/cv-didacticiel-platform/backend/venv/lib/python3.13/site-packages/django_redis/cache.py", line 99, in _get
    return self.client.get(key, default=default, version=version, client=client)
           ~~~~~~~~~~~~~~~^^^^^^^^^^^^^^^^^^^^^^^^^^^^^^^^^^^^^^^^^^^^^^^^^^^^^^
  File "/home/didacticiel/Bureau/Projets/cv-didacticiel-platform/backend/venv/lib/python3.13/site-packages/django_redis/client/default.py", line 300, in get
    raise ConnectionInterrupted(connection=client) from e
django_redis.exceptions.ConnectionInterrupted: Redis ConnectionError: Error 111 connecting to localhost:6379. Connection refused.

During handling of the above exception, another exception occurred:

Traceback (most recent call last):
  File "/home/didacticiel/Bureau/Projets/cv-didacticiel-platform/backend/venv/lib/python3.13/site-packages/django/core/handlers/exception.py", line 55, in inner
    response = get_response(request)
  File "/home/didacticiel/Bureau/Projets/cv-didacticiel-platform/backend/venv/lib/python3.13/site-packages/django/core/handlers/base.py", line 197, in _get_response
    response = wrapped_callback(request, *callback_args, **callback_kwargs)
  File "/home/didacticiel/miniconda3/lib/python3.13/contextlib.py", line 85, in inner
    return func(*args, **kwds)
  File "/home/didacticiel/Bureau/Projets/cv-didacticiel-platform/backend/venv/lib/python3.13/site-packages/django/views/decorators/csrf.py", line 65, in _view_wrapper
    return view_func(request, *args, **kwargs)
  File "/home/didacticiel/Bureau/Projets/cv-didacticiel-platform/backend/venv/lib/python3.13/site-packages/django/views/generic/base.py", line 105, in view
    return self.dispatch(request, *args, **kwargs)
           ~~~~~~~~~~~~~^^^^^^^^^^^^^^^^^^^^^^^^^^
  File "/home/didacticiel/Bureau/Projets/cv-didacticiel-platform/backend/venv/lib/python3.13/site-packages/rest_framework/views.py", line 515, in dispatch
    response = self.handle_exception(exc)
  File "/home/didacticiel/Bureau/Projets/cv-didacticiel-platform/backend/venv/lib/python3.13/site-packages/rest_framework/views.py", line 475, in handle_exception
    self.raise_uncaught_exception(exc)
    ~~~~~~~~~~~~~~~~~~~~~~~~~~~~~^^^^^
  File "/home/didacticiel/Bureau/Projets/cv-didacticiel-platform/backend/venv/lib/python3.13/site-packages/rest_framework/views.py", line 486, in raise_uncaught_exception
    raise exc
  File "/home/didacticiel/Bureau/Projets/cv-didacticiel-platform/backend/venv/lib/python3.13/site-packages/rest_framework/views.py", line 503, in dispatch
    self.initial(request, *args, **kwargs)
    ~~~~~~~~~~~~^^^^^^^^^^^^^^^^^^^^^^^^^^
  File "/home/didacticiel/Bureau/Projets/cv-didacticiel-platform/backend/venv/lib/python3.13/site-packages/rest_framework/views.py", line 422, in initial
    self.check_throttles(request)
    ~~~~~~~~~~~~~~~~~~~~^^^^^^^^^
  File "/home/didacticiel/Bureau/Projets/cv-didacticiel-platform/backend/venv/lib/python3.13/site-packages/rest_framework/views.py", line 365, in check_throttles
    if not throttle.allow_request(request, self):
           ~~~~~~~~~~~~~~~~~~~~~~^^^^^^^^^^^^^^^
  File "/home/didacticiel/Bureau/Projets/cv-didacticiel-platform/backend/venv/lib/python3.13/site-packages/rest_framework/throttling.py", line 123, in allow_request
    self.history = self.cache.get(self.key, [])
                   ~~~~~~~~~~~~~~^^^^^^^^^^^^^^
  File "/home/didacticiel/Bureau/Projets/cv-didacticiel-platform/backend/venv/lib/python3.13/site-packages/django_redis/cache.py", line 92, in get
    value = self._get(key, default, version, client)
  File "/home/didacticiel/Bureau/Projets/cv-didacticiel-platform/backend/venv/lib/python3.13/site-packages/django_redis/cache.py", line 36, in _decorator
    raise e.__cause__  # noqa: B904
    ^^^^^^^^^^^^^^^^^
  File "/home/didacticiel/Bureau/Projets/cv-didacticiel-platform/backend/venv/lib/python3.13/site-packages/django_redis/client/default.py", line 298, in get
    value = client.get(key)
  File "/home/didacticiel/Bureau/Projets/cv-didacticiel-platform/backend/venv/lib/python3.13/site-packages/redis/commands/core.py", line 1834, in get
    return self.execute_command("GET", name, keys=[name])
           ~~~~~~~~~~~~~~~~~~~~^^^^^^^^^^^^^^^^^^^^^^^^^^
  File "/home/didacticiel/Bureau/Projets/cv-didacticiel-platform/backend/venv/lib/python3.13/site-packages/redis/client.py", line 657, in execute_command
    return self._execute_command(*args, **options)
           ~~~~~~~~~~~~~~~~~~~~~^^^^^^^^^^^^^^^^^^
  File "/home/didacticiel/Bureau/Projets/cv-didacticiel-platform/backend/venv/lib/python3.13/site-packages/redis/client.py", line 663, in _execute_command
    conn = self.connection or pool.get_connection()
                              ~~~~~~~~~~~~~~~~~~~^^
  File "/home/didacticiel/Bureau/Projets/cv-didacticiel-platform/backend/venv/lib/python3.13/site-packages/redis/utils.py", line 196, in wrapper
    return func(*args, **kwargs)
  File "/home/didacticiel/Bureau/Projets/cv-didacticiel-platform/backend/venv/lib/python3.13/site-packages/redis/connection.py", line 2601, in get_connection
    connection.connect()
    ~~~~~~~~~~~~~~~~~~^^
  File "/home/didacticiel/Bureau/Projets/cv-didacticiel-platform/backend/venv/lib/python3.13/site-packages/redis/connection.py", line 846, in connect
    self.connect_check_health(check_health=True)
    ~~~~~~~~~~~~~~~~~~~~~~~~~^^^^^^^^^^^^^^^^^^^
  File "/home/didacticiel/Bureau/Projets/cv-didacticiel-platform/backend/venv/lib/python3.13/site-packages/redis/connection.py", line 863, in connect_check_health
    raise ConnectionError(self._error_message(e))
redis.exceptions.ConnectionError: Error 111 connecting to localhost:6379. Connection refused.
ERROR 2025-11-19 09:29:37,444 log 8234 131920997447488 Internal Server Error: /api/v1/auth/login/
Traceback (most recent call last):
  File "/home/didacticiel/Bureau/Projets/cv-didacticiel-platform/backend/venv/lib/python3.13/site-packages/django_redis/cache.py", line 29, in _decorator
    return method(self, *args, **kwargs)
  File "/home/didacticiel/Bureau/Projets/cv-didacticiel-platform/backend/venv/lib/python3.13/site-packages/django_redis/cache.py", line 99, in _get
    return self.client.get(key, default=default, version=version, client=client)
           ~~~~~~~~~~~~~~~^^^^^^^^^^^^^^^^^^^^^^^^^^^^^^^^^^^^^^^^^^^^^^^^^^^^^^
  File "/home/didacticiel/Bureau/Projets/cv-didacticiel-platform/backend/venv/lib/python3.13/site-packages/django_redis/client/default.py", line 300, in get
    raise ConnectionInterrupted(connection=client) from e
django_redis.exceptions.ConnectionInterrupted: Redis ConnectionError: Error 111 connecting to localhost:6379. Connection refused.

During handling of the above exception, another exception occurred:

Traceback (most recent call last):
  File "/home/didacticiel/Bureau/Projets/cv-didacticiel-platform/backend/venv/lib/python3.13/site-packages/django/core/handlers/exception.py", line 55, in inner
    response = get_response(request)
  File "/home/didacticiel/Bureau/Projets/cv-didacticiel-platform/backend/venv/lib/python3.13/site-packages/django/core/handlers/base.py", line 197, in _get_response
    response = wrapped_callback(request, *callback_args, **callback_kwargs)
  File "/home/didacticiel/miniconda3/lib/python3.13/contextlib.py", line 85, in inner
    return func(*args, **kwds)
  File "/home/didacticiel/Bureau/Projets/cv-didacticiel-platform/backend/venv/lib/python3.13/site-packages/django/views/decorators/csrf.py", line 65, in _view_wrapper
    return view_func(request, *args, **kwargs)
  File "/home/didacticiel/Bureau/Projets/cv-didacticiel-platform/backend/venv/lib/python3.13/site-packages/django/views/generic/base.py", line 105, in view
    return self.dispatch(request, *args, **kwargs)
           ~~~~~~~~~~~~~^^^^^^^^^^^^^^^^^^^^^^^^^^
  File "/home/didacticiel/Bureau/Projets/cv-didacticiel-platform/backend/venv/lib/python3.13/site-packages/rest_framework/views.py", line 515, in dispatch
    response = self.handle_exception(exc)
  File "/home/didacticiel/Bureau/Projets/cv-didacticiel-platform/backend/venv/lib/python3.13/site-packages/rest_framework/views.py", line 475, in handle_exception
    self.raise_uncaught_exception(exc)
    ~~~~~~~~~~~~~~~~~~~~~~~~~~~~~^^^^^
  File "/home/didacticiel/Bureau/Projets/cv-didacticiel-platform/backend/venv/lib/python3.13/site-packages/rest_framework/views.py", line 486, in raise_uncaught_exception
    raise exc
  File "/home/didacticiel/Bureau/Projets/cv-didacticiel-platform/backend/venv/lib/python3.13/site-packages/rest_framework/views.py", line 503, in dispatch
    self.initial(request, *args, **kwargs)
    ~~~~~~~~~~~~^^^^^^^^^^^^^^^^^^^^^^^^^^
  File "/home/didacticiel/Bureau/Projets/cv-didacticiel-platform/backend/venv/lib/python3.13/site-packages/rest_framework/views.py", line 422, in initial
    self.check_throttles(request)
    ~~~~~~~~~~~~~~~~~~~~^^^^^^^^^
  File "/home/didacticiel/Bureau/Projets/cv-didacticiel-platform/backend/venv/lib/python3.13/site-packages/rest_framework/views.py", line 365, in check_throttles
    if not throttle.allow_request(request, self):
           ~~~~~~~~~~~~~~~~~~~~~~^^^^^^^^^^^^^^^
  File "/home/didacticiel/Bureau/Projets/cv-didacticiel-platform/backend/venv/lib/python3.13/site-packages/rest_framework/throttling.py", line 123, in allow_request
    self.history = self.cache.get(self.key, [])
                   ~~~~~~~~~~~~~~^^^^^^^^^^^^^^
  File "/home/didacticiel/Bureau/Projets/cv-didacticiel-platform/backend/venv/lib/python3.13/site-packages/django_redis/cache.py", line 92, in get
    value = self._get(key, default, version, client)
  File "/home/didacticiel/Bureau/Projets/cv-didacticiel-platform/backend/venv/lib/python3.13/site-packages/django_redis/cache.py", line 36, in _decorator
    raise e.__cause__  # noqa: B904
    ^^^^^^^^^^^^^^^^^
  File "/home/didacticiel/Bureau/Projets/cv-didacticiel-platform/backend/venv/lib/python3.13/site-packages/django_redis/client/default.py", line 298, in get
    value = client.get(key)
  File "/home/didacticiel/Bureau/Projets/cv-didacticiel-platform/backend/venv/lib/python3.13/site-packages/redis/commands/core.py", line 1834, in get
    return self.execute_command("GET", name, keys=[name])
           ~~~~~~~~~~~~~~~~~~~~^^^^^^^^^^^^^^^^^^^^^^^^^^
  File "/home/didacticiel/Bureau/Projets/cv-didacticiel-platform/backend/venv/lib/python3.13/site-packages/redis/client.py", line 657, in execute_command
    return self._execute_command(*args, **options)
           ~~~~~~~~~~~~~~~~~~~~~^^^^^^^^^^^^^^^^^^
  File "/home/didacticiel/Bureau/Projets/cv-didacticiel-platform/backend/venv/lib/python3.13/site-packages/redis/client.py", line 663, in _execute_command
    conn = self.connection or pool.get_connection()
                              ~~~~~~~~~~~~~~~~~~~^^
  File "/home/didacticiel/Bureau/Projets/cv-didacticiel-platform/backend/venv/lib/python3.13/site-packages/redis/utils.py", line 196, in wrapper
    return func(*args, **kwargs)
  File "/home/didacticiel/Bureau/Projets/cv-didacticiel-platform/backend/venv/lib/python3.13/site-packages/redis/connection.py", line 2601, in get_connection
    connection.connect()
    ~~~~~~~~~~~~~~~~~~^^
  File "/home/didacticiel/Bureau/Projets/cv-didacticiel-platform/backend/venv/lib/python3.13/site-packages/redis/connection.py", line 846, in connect
    self.connect_check_health(check_health=True)
    ~~~~~~~~~~~~~~~~~~~~~~~~~^^^^^^^^^^^^^^^^^^^
  File "/home/didacticiel/Bureau/Projets/cv-didacticiel-platform/backend/venv/lib/python3.13/site-packages/redis/connection.py", line 863, in connect_check_health
    raise ConnectionError(self._error_message(e))
redis.exceptions.ConnectionError: Error 111 connecting to localhost:6379. Connection refused.
ERROR 2025-11-19 09:29:38,864 log 8234 131920997447488 Internal Server Error: /api/v1/auth/login/
Traceback (most recent call last):
  File "/home/didacticiel/Bureau/Projets/cv-didacticiel-platform/backend/venv/lib/python3.13/site-packages/django_redis/cache.py", line 29, in _decorator
    return method(self, *args, **kwargs)
  File "/home/didacticiel/Bureau/Projets/cv-didacticiel-platform/backend/venv/lib/python3.13/site-packages/django_redis/cache.py", line 99, in _get
    return self.client.get(key, default=default, version=version, client=client)
           ~~~~~~~~~~~~~~~^^^^^^^^^^^^^^^^^^^^^^^^^^^^^^^^^^^^^^^^^^^^^^^^^^^^^^
  File "/home/didacticiel/Bureau/Projets/cv-didacticiel-platform/backend/venv/lib/python3.13/site-packages/django_redis/client/default.py", line 300, in get
    raise ConnectionInterrupted(connection=client) from e
django_redis.exceptions.ConnectionInterrupted: Redis ConnectionError: Error 111 connecting to localhost:6379. Connection refused.

During handling of the above exception, another exception occurred:

Traceback (most recent call last):
  File "/home/didacticiel/Bureau/Projets/cv-didacticiel-platform/backend/venv/lib/python3.13/site-packages/django/core/handlers/exception.py", line 55, in inner
    response = get_response(request)
  File "/home/didacticiel/Bureau/Projets/cv-didacticiel-platform/backend/venv/lib/python3.13/site-packages/django/core/handlers/base.py", line 197, in _get_response
    response = wrapped_callback(request, *callback_args, **callback_kwargs)
  File "/home/didacticiel/miniconda3/lib/python3.13/contextlib.py", line 85, in inner
    return func(*args, **kwds)
  File "/home/didacticiel/Bureau/Projets/cv-didacticiel-platform/backend/venv/lib/python3.13/site-packages/django/views/decorators/csrf.py", line 65, in _view_wrapper
    return view_func(request, *args, **kwargs)
  File "/home/didacticiel/Bureau/Projets/cv-didacticiel-platform/backend/venv/lib/python3.13/site-packages/django/views/generic/base.py", line 105, in view
    return self.dispatch(request, *args, **kwargs)
           ~~~~~~~~~~~~~^^^^^^^^^^^^^^^^^^^^^^^^^^
  File "/home/didacticiel/Bureau/Projets/cv-didacticiel-platform/backend/venv/lib/python3.13/site-packages/rest_framework/views.py", line 515, in dispatch
    response = self.handle_exception(exc)
  File "/home/didacticiel/Bureau/Projets/cv-didacticiel-platform/backend/venv/lib/python3.13/site-packages/rest_framework/views.py", line 475, in handle_exception
    self.raise_uncaught_exception(exc)
    ~~~~~~~~~~~~~~~~~~~~~~~~~~~~~^^^^^
  File "/home/didacticiel/Bureau/Projets/cv-didacticiel-platform/backend/venv/lib/python3.13/site-packages/rest_framework/views.py", line 486, in raise_uncaught_exception
    raise exc
  File "/home/didacticiel/Bureau/Projets/cv-didacticiel-platform/backend/venv/lib/python3.13/site-packages/rest_framework/views.py", line 503, in dispatch
    self.initial(request, *args, **kwargs)
    ~~~~~~~~~~~~^^^^^^^^^^^^^^^^^^^^^^^^^^
  File "/home/didacticiel/Bureau/Projets/cv-didacticiel-platform/backend/venv/lib/python3.13/site-packages/rest_framework/views.py", line 422, in initial
    self.check_throttles(request)
    ~~~~~~~~~~~~~~~~~~~~^^^^^^^^^
  File "/home/didacticiel/Bureau/Projets/cv-didacticiel-platform/backend/venv/lib/python3.13/site-packages/rest_framework/views.py", line 365, in check_throttles
    if not throttle.allow_request(request, self):
           ~~~~~~~~~~~~~~~~~~~~~~^^^^^^^^^^^^^^^
  File "/home/didacticiel/Bureau/Projets/cv-didacticiel-platform/backend/venv/lib/python3.13/site-packages/rest_framework/throttling.py", line 123, in allow_request
    self.history = self.cache.get(self.key, [])
                   ~~~~~~~~~~~~~~^^^^^^^^^^^^^^
  File "/home/didacticiel/Bureau/Projets/cv-didacticiel-platform/backend/venv/lib/python3.13/site-packages/django_redis/cache.py", line 92, in get
    value = self._get(key, default, version, client)
  File "/home/didacticiel/Bureau/Projets/cv-didacticiel-platform/backend/venv/lib/python3.13/site-packages/django_redis/cache.py", line 36, in _decorator
    raise e.__cause__  # noqa: B904
    ^^^^^^^^^^^^^^^^^
  File "/home/didacticiel/Bureau/Projets/cv-didacticiel-platform/backend/venv/lib/python3.13/site-packages/django_redis/client/default.py", line 298, in get
    value = client.get(key)
  File "/home/didacticiel/Bureau/Projets/cv-didacticiel-platform/backend/venv/lib/python3.13/site-packages/redis/commands/core.py", line 1834, in get
    return self.execute_command("GET", name, keys=[name])
           ~~~~~~~~~~~~~~~~~~~~^^^^^^^^^^^^^^^^^^^^^^^^^^
  File "/home/didacticiel/Bureau/Projets/cv-didacticiel-platform/backend/venv/lib/python3.13/site-packages/redis/client.py", line 657, in execute_command
    return self._execute_command(*args, **options)
           ~~~~~~~~~~~~~~~~~~~~~^^^^^^^^^^^^^^^^^^
  File "/home/didacticiel/Bureau/Projets/cv-didacticiel-platform/backend/venv/lib/python3.13/site-packages/redis/client.py", line 663, in _execute_command
    conn = self.connection or pool.get_connection()
                              ~~~~~~~~~~~~~~~~~~~^^
  File "/home/didacticiel/Bureau/Projets/cv-didacticiel-platform/backend/venv/lib/python3.13/site-packages/redis/utils.py", line 196, in wrapper
    return func(*args, **kwargs)
  File "/home/didacticiel/Bureau/Projets/cv-didacticiel-platform/backend/venv/lib/python3.13/site-packages/redis/connection.py", line 2601, in get_connection
    connection.connect()
    ~~~~~~~~~~~~~~~~~~^^
  File "/home/didacticiel/Bureau/Projets/cv-didacticiel-platform/backend/venv/lib/python3.13/site-packages/redis/connection.py", line 846, in connect
    self.connect_check_health(check_health=True)
    ~~~~~~~~~~~~~~~~~~~~~~~~~^^^^^^^^^^^^^^^^^^^
  File "/home/didacticiel/Bureau/Projets/cv-didacticiel-platform/backend/venv/lib/python3.13/site-packages/redis/connection.py", line 863, in connect_check_health
    raise ConnectionError(self._error_message(e))
redis.exceptions.ConnectionError: Error 111 connecting to localhost:6379. Connection refused.
ERROR 2025-11-19 09:29:40,271 log 8234 131920997447488 Internal Server Error: /api/v1/users/register/
Traceback (most recent call last):
  File "/home/didacticiel/Bureau/Projets/cv-didacticiel-platform/backend/venv/lib/python3.13/site-packages/django_redis/cache.py", line 29, in _decorator
    return method(self, *args, **kwargs)
  File "/home/didacticiel/Bureau/Projets/cv-didacticiel-platform/backend/venv/lib/python3.13/site-packages/django_redis/cache.py", line 99, in _get
    return self.client.get(key, default=default, version=version, client=client)
           ~~~~~~~~~~~~~~~^^^^^^^^^^^^^^^^^^^^^^^^^^^^^^^^^^^^^^^^^^^^^^^^^^^^^^
  File "/home/didacticiel/Bureau/Projets/cv-didacticiel-platform/backend/venv/lib/python3.13/site-packages/django_redis/client/default.py", line 300, in get
    raise ConnectionInterrupted(connection=client) from e
django_redis.exceptions.ConnectionInterrupted: Redis ConnectionError: Error 111 connecting to localhost:6379. Connection refused.

During handling of the above exception, another exception occurred:

Traceback (most recent call last):
  File "/home/didacticiel/Bureau/Projets/cv-didacticiel-platform/backend/venv/lib/python3.13/site-packages/django/core/handlers/exception.py", line 55, in inner
    response = get_response(request)
  File "/home/didacticiel/Bureau/Projets/cv-didacticiel-platform/backend/venv/lib/python3.13/site-packages/django/core/handlers/base.py", line 197, in _get_response
    response = wrapped_callback(request, *callback_args, **callback_kwargs)
  File "/home/didacticiel/miniconda3/lib/python3.13/contextlib.py", line 85, in inner
    return func(*args, **kwds)
  File "/home/didacticiel/Bureau/Projets/cv-didacticiel-platform/backend/venv/lib/python3.13/site-packages/django/views/decorators/csrf.py", line 65, in _view_wrapper
    return view_func(request, *args, **kwargs)
  File "/home/didacticiel/Bureau/Projets/cv-didacticiel-platform/backend/venv/lib/python3.13/site-packages/django/views/generic/base.py", line 105, in view
    return self.dispatch(request, *args, **kwargs)
           ~~~~~~~~~~~~~^^^^^^^^^^^^^^^^^^^^^^^^^^
  File "/home/didacticiel/Bureau/Projets/cv-didacticiel-platform/backend/venv/lib/python3.13/site-packages/rest_framework/views.py", line 515, in dispatch
    response = self.handle_exception(exc)
  File "/home/didacticiel/Bureau/Projets/cv-didacticiel-platform/backend/venv/lib/python3.13/site-packages/rest_framework/views.py", line 475, in handle_exception
    self.raise_uncaught_exception(exc)
    ~~~~~~~~~~~~~~~~~~~~~~~~~~~~~^^^^^
  File "/home/didacticiel/Bureau/Projets/cv-didacticiel-platform/backend/venv/lib/python3.13/site-packages/rest_framework/views.py", line 486, in raise_uncaught_exception
    raise exc
  File "/home/didacticiel/Bureau/Projets/cv-didacticiel-platform/backend/venv/lib/python3.13/site-packages/rest_framework/views.py", line 503, in dispatch
    self.initial(request, *args, **kwargs)
    ~~~~~~~~~~~~^^^^^^^^^^^^^^^^^^^^^^^^^^
  File "/home/didacticiel/Bureau/Projets/cv-didacticiel-platform/backend/venv/lib/python3.13/site-packages/rest_framework/views.py", line 422, in initial
    self.check_throttles(request)
    ~~~~~~~~~~~~~~~~~~~~^^^^^^^^^
  File "/home/didacticiel/Bureau/Projets/cv-didacticiel-platform/backend/venv/lib/python3.13/site-packages/rest_framework/views.py", line 365, in check_throttles
    if not throttle.allow_request(request, self):
           ~~~~~~~~~~~~~~~~~~~~~~^^^^^^^^^^^^^^^
  File "/home/didacticiel/Bureau/Projets/cv-didacticiel-platform/backend/venv/lib/python3.13/site-packages/rest_framework/throttling.py", line 123, in allow_request
    self.history = self.cache.get(self.key, [])
                   ~~~~~~~~~~~~~~^^^^^^^^^^^^^^
  File "/home/didacticiel/Bureau/Projets/cv-didacticiel-platform/backend/venv/lib/python3.13/site-packages/django_redis/cache.py", line 92, in get
    value = self._get(key, default, version, client)
  File "/home/didacticiel/Bureau/Projets/cv-didacticiel-platform/backend/venv/lib/python3.13/site-packages/django_redis/cache.py", line 36, in _decorator
    raise e.__cause__  # noqa: B904
    ^^^^^^^^^^^^^^^^^
  File "/home/didacticiel/Bureau/Projets/cv-didacticiel-platform/backend/venv/lib/python3.13/site-packages/django_redis/client/default.py", line 298, in get
    value = client.get(key)
  File "/home/didacticiel/Bureau/Projets/cv-didacticiel-platform/backend/venv/lib/python3.13/site-packages/redis/commands/core.py", line 1834, in get
    return self.execute_command("GET", name, keys=[name])
           ~~~~~~~~~~~~~~~~~~~~^^^^^^^^^^^^^^^^^^^^^^^^^^
  File "/home/didacticiel/Bureau/Projets/cv-didacticiel-platform/backend/venv/lib/python3.13/site-packages/redis/client.py", line 657, in execute_command
    return self._execute_command(*args, **options)
           ~~~~~~~~~~~~~~~~~~~~~^^^^^^^^^^^^^^^^^^
  File "/home/didacticiel/Bureau/Projets/cv-didacticiel-platform/backend/venv/lib/python3.13/site-packages/redis/client.py", line 663, in _execute_command
    conn = self.connection or pool.get_connection()
                              ~~~~~~~~~~~~~~~~~~~^^
  File "/home/didacticiel/Bureau/Projets/cv-didacticiel-platform/backend/venv/lib/python3.13/site-packages/redis/utils.py", line 196, in wrapper
    return func(*args, **kwargs)
  File "/home/didacticiel/Bureau/Projets/cv-didacticiel-platform/backend/venv/lib/python3.13/site-packages/redis/connection.py", line 2601, in get_connection
    connection.connect()
    ~~~~~~~~~~~~~~~~~~^^
  File "/home/didacticiel/Bureau/Projets/cv-didacticiel-platform/backend/venv/lib/python3.13/site-packages/redis/connection.py", line 846, in connect
    self.connect_check_health(check_health=True)
    ~~~~~~~~~~~~~~~~~~~~~~~~~^^^^^^^^^^^^^^^^^^^
  File "/home/didacticiel/Bureau/Projets/cv-didacticiel-platform/backend/venv/lib/python3.13/site-packages/redis/connection.py", line 863, in connect_check_health
    raise ConnectionError(self._error_message(e))
redis.exceptions.ConnectionError: Error 111 connecting to localhost:6379. Connection refused.
ERROR 2025-11-19 09:29:41,684 log 8234 131920997447488 Internal Server Error: /api/v1/users/register/
Traceback (most recent call last):
  File "/home/didacticiel/Bureau/Projets/cv-didacticiel-platform/backend/venv/lib/python3.13/site-packages/django_redis/cache.py", line 29, in _decorator
    return method(self, *args, **kwargs)
  File "/home/didacticiel/Bureau/Projets/cv-didacticiel-platform/backend/venv/lib/python3.13/site-packages/django_redis/cache.py", line 99, in _get
    return self.client.get(key, default=default, version=version, client=client)
           ~~~~~~~~~~~~~~~^^^^^^^^^^^^^^^^^^^^^^^^^^^^^^^^^^^^^^^^^^^^^^^^^^^^^^
  File "/home/didacticiel/Bureau/Projets/cv-didacticiel-platform/backend/venv/lib/python3.13/site-packages/django_redis/client/default.py", line 300, in get
    raise ConnectionInterrupted(connection=client) from e
django_redis.exceptions.ConnectionInterrupted: Redis ConnectionError: Error 111 connecting to localhost:6379. Connection refused.

During handling of the above exception, another exception occurred:

Traceback (most recent call last):
  File "/home/didacticiel/Bureau/Projets/cv-didacticiel-platform/backend/venv/lib/python3.13/site-packages/django/core/handlers/exception.py", line 55, in inner
    response = get_response(request)
  File "/home/didacticiel/Bureau/Projets/cv-didacticiel-platform/backend/venv/lib/python3.13/site-packages/django/core/handlers/base.py", line 197, in _get_response
    response = wrapped_callback(request, *callback_args, **callback_kwargs)
  File "/home/didacticiel/miniconda3/lib/python3.13/contextlib.py", line 85, in inner
    return func(*args, **kwds)
  File "/home/didacticiel/Bureau/Projets/cv-didacticiel-platform/backend/venv/lib/python3.13/site-packages/django/views/decorators/csrf.py", line 65, in _view_wrapper
    return view_func(request, *args, **kwargs)
  File "/home/didacticiel/Bureau/Projets/cv-didacticiel-platform/backend/venv/lib/python3.13/site-packages/django/views/generic/base.py", line 105, in view
    return self.dispatch(request, *args, **kwargs)
           ~~~~~~~~~~~~~^^^^^^^^^^^^^^^^^^^^^^^^^^
  File "/home/didacticiel/Bureau/Projets/cv-didacticiel-platform/backend/venv/lib/python3.13/site-packages/rest_framework/views.py", line 515, in dispatch
    response = self.handle_exception(exc)
  File "/home/didacticiel/Bureau/Projets/cv-didacticiel-platform/backend/venv/lib/python3.13/site-packages/rest_framework/views.py", line 475, in handle_exception
    self.raise_uncaught_exception(exc)
    ~~~~~~~~~~~~~~~~~~~~~~~~~~~~~^^^^^
  File "/home/didacticiel/Bureau/Projets/cv-didacticiel-platform/backend/venv/lib/python3.13/site-packages/rest_framework/views.py", line 486, in raise_uncaught_exception
    raise exc
  File "/home/didacticiel/Bureau/Projets/cv-didacticiel-platform/backend/venv/lib/python3.13/site-packages/rest_framework/views.py", line 503, in dispatch
    self.initial(request, *args, **kwargs)
    ~~~~~~~~~~~~^^^^^^^^^^^^^^^^^^^^^^^^^^
  File "/home/didacticiel/Bureau/Projets/cv-didacticiel-platform/backend/venv/lib/python3.13/site-packages/rest_framework/views.py", line 422, in initial
    self.check_throttles(request)
    ~~~~~~~~~~~~~~~~~~~~^^^^^^^^^
  File "/home/didacticiel/Bureau/Projets/cv-didacticiel-platform/backend/venv/lib/python3.13/site-packages/rest_framework/views.py", line 365, in check_throttles
    if not throttle.allow_request(request, self):
           ~~~~~~~~~~~~~~~~~~~~~~^^^^^^^^^^^^^^^
  File "/home/didacticiel/Bureau/Projets/cv-didacticiel-platform/backend/venv/lib/python3.13/site-packages/rest_framework/throttling.py", line 123, in allow_request
    self.history = self.cache.get(self.key, [])
                   ~~~~~~~~~~~~~~^^^^^^^^^^^^^^
  File "/home/didacticiel/Bureau/Projets/cv-didacticiel-platform/backend/venv/lib/python3.13/site-packages/django_redis/cache.py", line 92, in get
    value = self._get(key, default, version, client)
  File "/home/didacticiel/Bureau/Projets/cv-didacticiel-platform/backend/venv/lib/python3.13/site-packages/django_redis/cache.py", line 36, in _decorator
    raise e.__cause__  # noqa: B904
    ^^^^^^^^^^^^^^^^^
  File "/home/didacticiel/Bureau/Projets/cv-didacticiel-platform/backend/venv/lib/python3.13/site-packages/django_redis/client/default.py", line 298, in get
    value = client.get(key)
  File "/home/didacticiel/Bureau/Projets/cv-didacticiel-platform/backend/venv/lib/python3.13/site-packages/redis/commands/core.py", line 1834, in get
    return self.execute_command("GET", name, keys=[name])
           ~~~~~~~~~~~~~~~~~~~~^^^^^^^^^^^^^^^^^^^^^^^^^^
  File "/home/didacticiel/Bureau/Projets/cv-didacticiel-platform/backend/venv/lib/python3.13/site-packages/redis/client.py", line 657, in execute_command
    return self._execute_command(*args, **options)
           ~~~~~~~~~~~~~~~~~~~~~^^^^^^^^^^^^^^^^^^
  File "/home/didacticiel/Bureau/Projets/cv-didacticiel-platform/backend/venv/lib/python3.13/site-packages/redis/client.py", line 663, in _execute_command
    conn = self.connection or pool.get_connection()
                              ~~~~~~~~~~~~~~~~~~~^^
  File "/home/didacticiel/Bureau/Projets/cv-didacticiel-platform/backend/venv/lib/python3.13/site-packages/redis/utils.py", line 196, in wrapper
    return func(*args, **kwargs)
  File "/home/didacticiel/Bureau/Projets/cv-didacticiel-platform/backend/venv/lib/python3.13/site-packages/redis/connection.py", line 2601, in get_connection
    connection.connect()
    ~~~~~~~~~~~~~~~~~~^^
  File "/home/didacticiel/Bureau/Projets/cv-didacticiel-platform/backend/venv/lib/python3.13/site-packages/redis/connection.py", line 846, in connect
    self.connect_check_health(check_health=True)
    ~~~~~~~~~~~~~~~~~~~~~~~~~^^^^^^^^^^^^^^^^^^^
  File "/home/didacticiel/Bureau/Projets/cv-didacticiel-platform/backend/venv/lib/python3.13/site-packages/redis/connection.py", line 863, in connect_check_health
    raise ConnectionError(self._error_message(e))
redis.exceptions.ConnectionError: Error 111 connecting to localhost:6379. Connection refused.
ERROR 2025-11-19 09:35:43,947 log 8577 127524563556160 Internal Server Error: /api/v1/auth/login/
Traceback (most recent call last):
  File "/home/didacticiel/Bureau/Projets/cv-didacticiel-platform/backend/venv/lib/python3.13/site-packages/django/core/handlers/exception.py", line 55, in inner
    response = get_response(request)
  File "/home/didacticiel/Bureau/Projets/cv-didacticiel-platform/backend/venv/lib/python3.13/site-packages/django/core/handlers/base.py", line 197, in _get_response
    response = wrapped_callback(request, *callback_args, **callback_kwargs)
  File "/home/didacticiel/miniconda3/lib/python3.13/contextlib.py", line 85, in inner
    return func(*args, **kwds)
  File "/home/didacticiel/Bureau/Projets/cv-didacticiel-platform/backend/venv/lib/python3.13/site-packages/django/views/decorators/csrf.py", line 65, in _view_wrapper
    return view_func(request, *args, **kwargs)
  File "/home/didacticiel/Bureau/Projets/cv-didacticiel-platform/backend/venv/lib/python3.13/site-packages/django/views/generic/base.py", line 105, in view
    return self.dispatch(request, *args, **kwargs)
           ~~~~~~~~~~~~~^^^^^^^^^^^^^^^^^^^^^^^^^^
  File "/home/didacticiel/Bureau/Projets/cv-didacticiel-platform/backend/venv/lib/python3.13/site-packages/rest_framework/views.py", line 515, in dispatch
    response = self.handle_exception(exc)
  File "/home/didacticiel/Bureau/Projets/cv-didacticiel-platform/backend/venv/lib/python3.13/site-packages/rest_framework/views.py", line 475, in handle_exception
    self.raise_uncaught_exception(exc)
    ~~~~~~~~~~~~~~~~~~~~~~~~~~~~~^^^^^
  File "/home/didacticiel/Bureau/Projets/cv-didacticiel-platform/backend/venv/lib/python3.13/site-packages/rest_framework/views.py", line 486, in raise_uncaught_exception
    raise exc
  File "/home/didacticiel/Bureau/Projets/cv-didacticiel-platform/backend/venv/lib/python3.13/site-packages/rest_framework/views.py", line 512, in dispatch
    response = handler(request, *args, **kwargs)
  File "/home/didacticiel/Bureau/Projets/cv-didacticiel-platform/backend/venv/lib/python3.13/site-packages/rest_framework_simplejwt/views.py", line 46, in post
    serializer.is_valid(raise_exception=True)
    ~~~~~~~~~~~~~~~~~~~^^^^^^^^^^^^^^^^^^^^^^
  File "/home/didacticiel/Bureau/Projets/cv-didacticiel-platform/backend/venv/lib/python3.13/site-packages/rest_framework/serializers.py", line 225, in is_valid
    self._validated_data = self.run_validation(self.initial_data)
                           ~~~~~~~~~~~~~~~~~~~^^^^^^^^^^^^^^^^^^^
  File "/home/didacticiel/Bureau/Projets/cv-didacticiel-platform/backend/venv/lib/python3.13/site-packages/rest_framework/serializers.py", line 447, in run_validation
    value = self.validate(value)
  File "/home/didacticiel/Bureau/Projets/cv-didacticiel-platform/backend/venv/lib/python3.13/site-packages/rest_framework_simplejwt/serializers.py", line 73, in validate
    data = super().validate(attrs)
  File "/home/didacticiel/Bureau/Projets/cv-didacticiel-platform/backend/venv/lib/python3.13/site-packages/rest_framework_simplejwt/serializers.py", line 54, in validate
    self.user = authenticate(**authenticate_kwargs)
                ~~~~~~~~~~~~^^^^^^^^^^^^^^^^^^^^^^^
  File "/home/didacticiel/Bureau/Projets/cv-didacticiel-platform/backend/venv/lib/python3.13/site-packages/django/views/decorators/debug.py", line 75, in sensitive_variables_wrapper
    return func(*func_args, **func_kwargs)
  File "/home/didacticiel/Bureau/Projets/cv-didacticiel-platform/backend/venv/lib/python3.13/site-packages/django/contrib/auth/__init__.py", line 112, in authenticate
    for backend, backend_path in _get_compatible_backends(request, **credentials):
                                 ~~~~~~~~~~~~~~~~~~~~~~~~^^^^^^^^^^^^^^^^^^^^^^^^
  File "/home/didacticiel/Bureau/Projets/cv-didacticiel-platform/backend/venv/lib/python3.13/site-packages/django/contrib/auth/__init__.py", line 44, in _get_compatible_backends
    for backend, backend_path in _get_backends(return_tuples=True):
                                 ~~~~~~~~~~~~~^^^^^^^^^^^^^^^^^^^^
  File "/home/didacticiel/Bureau/Projets/cv-didacticiel-platform/backend/venv/lib/python3.13/site-packages/django/contrib/auth/__init__.py", line 29, in _get_backends
    backend = load_backend(backend_path)
  File "/home/didacticiel/Bureau/Projets/cv-didacticiel-platform/backend/venv/lib/python3.13/site-packages/django/contrib/auth/__init__.py", line 23, in load_backend
    return import_string(path)()
           ~~~~~~~~~~~~~^^^^^^
  File "/home/didacticiel/Bureau/Projets/cv-didacticiel-platform/backend/venv/lib/python3.13/site-packages/django/utils/module_loading.py", line 30, in import_string
    return cached_import(module_path, class_name)
  File "/home/didacticiel/Bureau/Projets/cv-didacticiel-platform/backend/venv/lib/python3.13/site-packages/django/utils/module_loading.py", line 15, in cached_import
    module = import_module(module_path)
  File "/home/didacticiel/miniconda3/lib/python3.13/importlib/__init__.py", line 88, in import_module
    return _bootstrap._gcd_import(name[level:], package, level)
           ~~~~~~~~~~~~~~~~~~~~~~^^^^^^^^^^^^^^^^^^^^^^^^^^^^^^
  File "<frozen importlib._bootstrap>", line 1387, in _gcd_import
  File "<frozen importlib._bootstrap>", line 1360, in _find_and_load
  File "<frozen importlib._bootstrap>", line 1310, in _find_and_load_unlocked
  File "<frozen importlib._bootstrap>", line 488, in _call_with_frames_removed
  File "<frozen importlib._bootstrap>", line 1387, in _gcd_import
  File "<frozen importlib._bootstrap>", line 1360, in _find_and_load
  File "<frozen importlib._bootstrap>", line 1324, in _find_and_load_unlocked
ModuleNotFoundError: No module named 'guardian'
WARNING 2025-11-19 09:35:45,291 log 8577 127524563556160 Unauthorized: /api/v1/users/me/
ERROR 2025-11-19 09:35:46,291 log 8577 127524563556160 Internal Server Error: /api/v1/auth/login/
Traceback (most recent call last):
  File "/home/didacticiel/Bureau/Projets/cv-didacticiel-platform/backend/venv/lib/python3.13/site-packages/django/core/handlers/exception.py", line 55, in inner
    response = get_response(request)
  File "/home/didacticiel/Bureau/Projets/cv-didacticiel-platform/backend/venv/lib/python3.13/site-packages/django/core/handlers/base.py", line 197, in _get_response
    response = wrapped_callback(request, *callback_args, **callback_kwargs)
  File "/home/didacticiel/miniconda3/lib/python3.13/contextlib.py", line 85, in inner
    return func(*args, **kwds)
  File "/home/didacticiel/Bureau/Projets/cv-didacticiel-platform/backend/venv/lib/python3.13/site-packages/django/views/decorators/csrf.py", line 65, in _view_wrapper
    return view_func(request, *args, **kwargs)
  File "/home/didacticiel/Bureau/Projets/cv-didacticiel-platform/backend/venv/lib/python3.13/site-packages/django/views/generic/base.py", line 105, in view
    return self.dispatch(request, *args, **kwargs)
           ~~~~~~~~~~~~~^^^^^^^^^^^^^^^^^^^^^^^^^^
  File "/home/didacticiel/Bureau/Projets/cv-didacticiel-platform/backend/venv/lib/python3.13/site-packages/rest_framework/views.py", line 515, in dispatch
    response = self.handle_exception(exc)
  File "/home/didacticiel/Bureau/Projets/cv-didacticiel-platform/backend/venv/lib/python3.13/site-packages/rest_framework/views.py", line 475, in handle_exception
    self.raise_uncaught_exception(exc)
    ~~~~~~~~~~~~~~~~~~~~~~~~~~~~~^^^^^
  File "/home/didacticiel/Bureau/Projets/cv-didacticiel-platform/backend/venv/lib/python3.13/site-packages/rest_framework/views.py", line 486, in raise_uncaught_exception
    raise exc
  File "/home/didacticiel/Bureau/Projets/cv-didacticiel-platform/backend/venv/lib/python3.13/site-packages/rest_framework/views.py", line 512, in dispatch
    response = handler(request, *args, **kwargs)
  File "/home/didacticiel/Bureau/Projets/cv-didacticiel-platform/backend/venv/lib/python3.13/site-packages/rest_framework_simplejwt/views.py", line 46, in post
    serializer.is_valid(raise_exception=True)
    ~~~~~~~~~~~~~~~~~~~^^^^^^^^^^^^^^^^^^^^^^
  File "/home/didacticiel/Bureau/Projets/cv-didacticiel-platform/backend/venv/lib/python3.13/site-packages/rest_framework/serializers.py", line 225, in is_valid
    self._validated_data = self.run_validation(self.initial_data)
                           ~~~~~~~~~~~~~~~~~~~^^^^^^^^^^^^^^^^^^^
  File "/home/didacticiel/Bureau/Projets/cv-didacticiel-platform/backend/venv/lib/python3.13/site-packages/rest_framework/serializers.py", line 447, in run_validation
    value = self.validate(value)
  File "/home/didacticiel/Bureau/Projets/cv-didacticiel-platform/backend/venv/lib/python3.13/site-packages/rest_framework_simplejwt/serializers.py", line 73, in validate
    data = super().validate(attrs)
  File "/home/didacticiel/Bureau/Projets/cv-didacticiel-platform/backend/venv/lib/python3.13/site-packages/rest_framework_simplejwt/serializers.py", line 54, in validate
    self.user = authenticate(**authenticate_kwargs)
                ~~~~~~~~~~~~^^^^^^^^^^^^^^^^^^^^^^^
  File "/home/didacticiel/Bureau/Projets/cv-didacticiel-platform/backend/venv/lib/python3.13/site-packages/django/views/decorators/debug.py", line 75, in sensitive_variables_wrapper
    return func(*func_args, **func_kwargs)
  File "/home/didacticiel/Bureau/Projets/cv-didacticiel-platform/backend/venv/lib/python3.13/site-packages/django/contrib/auth/__init__.py", line 112, in authenticate
    for backend, backend_path in _get_compatible_backends(request, **credentials):
                                 ~~~~~~~~~~~~~~~~~~~~~~~~^^^^^^^^^^^^^^^^^^^^^^^^
  File "/home/didacticiel/Bureau/Projets/cv-didacticiel-platform/backend/venv/lib/python3.13/site-packages/django/contrib/auth/__init__.py", line 44, in _get_compatible_backends
    for backend, backend_path in _get_backends(return_tuples=True):
                                 ~~~~~~~~~~~~~^^^^^^^^^^^^^^^^^^^^
  File "/home/didacticiel/Bureau/Projets/cv-didacticiel-platform/backend/venv/lib/python3.13/site-packages/django/contrib/auth/__init__.py", line 29, in _get_backends
    backend = load_backend(backend_path)
  File "/home/didacticiel/Bureau/Projets/cv-didacticiel-platform/backend/venv/lib/python3.13/site-packages/django/contrib/auth/__init__.py", line 23, in load_backend
    return import_string(path)()
           ~~~~~~~~~~~~~^^^^^^
  File "/home/didacticiel/Bureau/Projets/cv-didacticiel-platform/backend/venv/lib/python3.13/site-packages/django/utils/module_loading.py", line 30, in import_string
    return cached_import(module_path, class_name)
  File "/home/didacticiel/Bureau/Projets/cv-didacticiel-platform/backend/venv/lib/python3.13/site-packages/django/utils/module_loading.py", line 15, in cached_import
    module = import_module(module_path)
  File "/home/didacticiel/miniconda3/lib/python3.13/importlib/__init__.py", line 88, in import_module
    return _bootstrap._gcd_import(name[level:], package, level)
           ~~~~~~~~~~~~~~~~~~~~~~^^^^^^^^^^^^^^^^^^^^^^^^^^^^^^
  File "<frozen importlib._bootstrap>", line 1387, in _gcd_import
  File "<frozen importlib._bootstrap>", line 1360, in _find_and_load
  File "<frozen importlib._bootstrap>", line 1310, in _find_and_load_unlocked
  File "<frozen importlib._bootstrap>", line 488, in _call_with_frames_removed
  File "<frozen importlib._bootstrap>", line 1387, in _gcd_import
  File "<frozen importlib._bootstrap>", line 1360, in _find_and_load
  File "<frozen importlib._bootstrap>", line 1324, in _find_and_load_unlocked
ModuleNotFoundError: No module named 'guardian'
ERROR 2025-11-19 09:35:47,485 log 8577 127524563556160 Internal Server Error: /api/v1/auth/login/
Traceback (most recent call last):
  File "/home/didacticiel/Bureau/Projets/cv-didacticiel-platform/backend/venv/lib/python3.13/site-packages/django/core/handlers/exception.py", line 55, in inner
    response = get_response(request)
  File "/home/didacticiel/Bureau/Projets/cv-didacticiel-platform/backend/venv/lib/python3.13/site-packages/django/core/handlers/base.py", line 197, in _get_response
    response = wrapped_callback(request, *callback_args, **callback_kwargs)
  File "/home/didacticiel/miniconda3/lib/python3.13/contextlib.py", line 85, in inner
    return func(*args, **kwds)
  File "/home/didacticiel/Bureau/Projets/cv-didacticiel-platform/backend/venv/lib/python3.13/site-packages/django/views/decorators/csrf.py", line 65, in _view_wrapper
    return view_func(request, *args, **kwargs)
  File "/home/didacticiel/Bureau/Projets/cv-didacticiel-platform/backend/venv/lib/python3.13/site-packages/django/views/generic/base.py", line 105, in view
    return self.dispatch(request, *args, **kwargs)
           ~~~~~~~~~~~~~^^^^^^^^^^^^^^^^^^^^^^^^^^
  File "/home/didacticiel/Bureau/Projets/cv-didacticiel-platform/backend/venv/lib/python3.13/site-packages/rest_framework/views.py", line 515, in dispatch
    response = self.handle_exception(exc)
  File "/home/didacticiel/Bureau/Projets/cv-didacticiel-platform/backend/venv/lib/python3.13/site-packages/rest_framework/views.py", line 475, in handle_exception
    self.raise_uncaught_exception(exc)
    ~~~~~~~~~~~~~~~~~~~~~~~~~~~~~^^^^^
  File "/home/didacticiel/Bureau/Projets/cv-didacticiel-platform/backend/venv/lib/python3.13/site-packages/rest_framework/views.py", line 486, in raise_uncaught_exception
    raise exc
  File "/home/didacticiel/Bureau/Projets/cv-didacticiel-platform/backend/venv/lib/python3.13/site-packages/rest_framework/views.py", line 512, in dispatch
    response = handler(request, *args, **kwargs)
  File "/home/didacticiel/Bureau/Projets/cv-didacticiel-platform/backend/venv/lib/python3.13/site-packages/rest_framework_simplejwt/views.py", line 46, in post
    serializer.is_valid(raise_exception=True)
    ~~~~~~~~~~~~~~~~~~~^^^^^^^^^^^^^^^^^^^^^^
  File "/home/didacticiel/Bureau/Projets/cv-didacticiel-platform/backend/venv/lib/python3.13/site-packages/rest_framework/serializers.py", line 225, in is_valid
    self._validated_data = self.run_validation(self.initial_data)
                           ~~~~~~~~~~~~~~~~~~~^^^^^^^^^^^^^^^^^^^
  File "/home/didacticiel/Bureau/Projets/cv-didacticiel-platform/backend/venv/lib/python3.13/site-packages/rest_framework/serializers.py", line 447, in run_validation
    value = self.validate(value)
  File "/home/didacticiel/Bureau/Projets/cv-didacticiel-platform/backend/venv/lib/python3.13/site-packages/rest_framework_simplejwt/serializers.py", line 73, in validate
    data = super().validate(attrs)
  File "/home/didacticiel/Bureau/Projets/cv-didacticiel-platform/backend/venv/lib/python3.13/site-packages/rest_framework_simplejwt/serializers.py", line 54, in validate
    self.user = authenticate(**authenticate_kwargs)
                ~~~~~~~~~~~~^^^^^^^^^^^^^^^^^^^^^^^
  File "/home/didacticiel/Bureau/Projets/cv-didacticiel-platform/backend/venv/lib/python3.13/site-packages/django/views/decorators/debug.py", line 75, in sensitive_variables_wrapper
    return func(*func_args, **func_kwargs)
  File "/home/didacticiel/Bureau/Projets/cv-didacticiel-platform/backend/venv/lib/python3.13/site-packages/django/contrib/auth/__init__.py", line 112, in authenticate
    for backend, backend_path in _get_compatible_backends(request, **credentials):
                                 ~~~~~~~~~~~~~~~~~~~~~~~~^^^^^^^^^^^^^^^^^^^^^^^^
  File "/home/didacticiel/Bureau/Projets/cv-didacticiel-platform/backend/venv/lib/python3.13/site-packages/django/contrib/auth/__init__.py", line 44, in _get_compatible_backends
    for backend, backend_path in _get_backends(return_tuples=True):
                                 ~~~~~~~~~~~~~^^^^^^^^^^^^^^^^^^^^
  File "/home/didacticiel/Bureau/Projets/cv-didacticiel-platform/backend/venv/lib/python3.13/site-packages/django/contrib/auth/__init__.py", line 29, in _get_backends
    backend = load_backend(backend_path)
  File "/home/didacticiel/Bureau/Projets/cv-didacticiel-platform/backend/venv/lib/python3.13/site-packages/django/contrib/auth/__init__.py", line 23, in load_backend
    return import_string(path)()
           ~~~~~~~~~~~~~^^^^^^
  File "/home/didacticiel/Bureau/Projets/cv-didacticiel-platform/backend/venv/lib/python3.13/site-packages/django/utils/module_loading.py", line 30, in import_string
    return cached_import(module_path, class_name)
  File "/home/didacticiel/Bureau/Projets/cv-didacticiel-platform/backend/venv/lib/python3.13/site-packages/django/utils/module_loading.py", line 15, in cached_import
    module = import_module(module_path)
  File "/home/didacticiel/miniconda3/lib/python3.13/importlib/__init__.py", line 88, in import_module
    return _bootstrap._gcd_import(name[level:], package, level)
           ~~~~~~~~~~~~~~~~~~~~~~^^^^^^^^^^^^^^^^^^^^^^^^^^^^^^
  File "<frozen importlib._bootstrap>", line 1387, in _gcd_import
  File "<frozen importlib._bootstrap>", line 1360, in _find_and_load
  File "<frozen importlib._bootstrap>", line 1310, in _find_and_load_unlocked
  File "<frozen importlib._bootstrap>", line 488, in _call_with_frames_removed
  File "<frozen importlib._bootstrap>", line 1387, in _gcd_import
  File "<frozen importlib._bootstrap>", line 1360, in _find_and_load
  File "<frozen importlib._bootstrap>", line 1324, in _find_and_load_unlocked
ModuleNotFoundError: No module named 'guardian'
ERROR 2025-11-19 09:35:48,737 log 8577 127524563556160 Internal Server Error: /api/v1/auth/login/
Traceback (most recent call last):
  File "/home/didacticiel/Bureau/Projets/cv-didacticiel-platform/backend/venv/lib/python3.13/site-packages/django/core/handlers/exception.py", line 55, in inner
    response = get_response(request)
  File "/home/didacticiel/Bureau/Projets/cv-didacticiel-platform/backend/venv/lib/python3.13/site-packages/django/core/handlers/base.py", line 197, in _get_response
    response = wrapped_callback(request, *callback_args, **callback_kwargs)
  File "/home/didacticiel/miniconda3/lib/python3.13/contextlib.py", line 85, in inner
    return func(*args, **kwds)
  File "/home/didacticiel/Bureau/Projets/cv-didacticiel-platform/backend/venv/lib/python3.13/site-packages/django/views/decorators/csrf.py", line 65, in _view_wrapper
    return view_func(request, *args, **kwargs)
  File "/home/didacticiel/Bureau/Projets/cv-didacticiel-platform/backend/venv/lib/python3.13/site-packages/django/views/generic/base.py", line 105, in view
    return self.dispatch(request, *args, **kwargs)
           ~~~~~~~~~~~~~^^^^^^^^^^^^^^^^^^^^^^^^^^
  File "/home/didacticiel/Bureau/Projets/cv-didacticiel-platform/backend/venv/lib/python3.13/site-packages/rest_framework/views.py", line 515, in dispatch
    response = self.handle_exception(exc)
  File "/home/didacticiel/Bureau/Projets/cv-didacticiel-platform/backend/venv/lib/python3.13/site-packages/rest_framework/views.py", line 475, in handle_exception
    self.raise_uncaught_exception(exc)
    ~~~~~~~~~~~~~~~~~~~~~~~~~~~~~^^^^^
  File "/home/didacticiel/Bureau/Projets/cv-didacticiel-platform/backend/venv/lib/python3.13/site-packages/rest_framework/views.py", line 486, in raise_uncaught_exception
    raise exc
  File "/home/didacticiel/Bureau/Projets/cv-didacticiel-platform/backend/venv/lib/python3.13/site-packages/rest_framework/views.py", line 512, in dispatch
    response = handler(request, *args, **kwargs)
  File "/home/didacticiel/Bureau/Projets/cv-didacticiel-platform/backend/venv/lib/python3.13/site-packages/rest_framework_simplejwt/views.py", line 46, in post
    serializer.is_valid(raise_exception=True)
    ~~~~~~~~~~~~~~~~~~~^^^^^^^^^^^^^^^^^^^^^^
  File "/home/didacticiel/Bureau/Projets/cv-didacticiel-platform/backend/venv/lib/python3.13/site-packages/rest_framework/serializers.py", line 225, in is_valid
    self._validated_data = self.run_validation(self.initial_data)
                           ~~~~~~~~~~~~~~~~~~~^^^^^^^^^^^^^^^^^^^
  File "/home/didacticiel/Bureau/Projets/cv-didacticiel-platform/backend/venv/lib/python3.13/site-packages/rest_framework/serializers.py", line 447, in run_validation
    value = self.validate(value)
  File "/home/didacticiel/Bureau/Projets/cv-didacticiel-platform/backend/venv/lib/python3.13/site-packages/rest_framework_simplejwt/serializers.py", line 73, in validate
    data = super().validate(attrs)
  File "/home/didacticiel/Bureau/Projets/cv-didacticiel-platform/backend/venv/lib/python3.13/site-packages/rest_framework_simplejwt/serializers.py", line 54, in validate
    self.user = authenticate(**authenticate_kwargs)
                ~~~~~~~~~~~~^^^^^^^^^^^^^^^^^^^^^^^
  File "/home/didacticiel/Bureau/Projets/cv-didacticiel-platform/backend/venv/lib/python3.13/site-packages/django/views/decorators/debug.py", line 75, in sensitive_variables_wrapper
    return func(*func_args, **func_kwargs)
  File "/home/didacticiel/Bureau/Projets/cv-didacticiel-platform/backend/venv/lib/python3.13/site-packages/django/contrib/auth/__init__.py", line 112, in authenticate
    for backend, backend_path in _get_compatible_backends(request, **credentials):
                                 ~~~~~~~~~~~~~~~~~~~~~~~~^^^^^^^^^^^^^^^^^^^^^^^^
  File "/home/didacticiel/Bureau/Projets/cv-didacticiel-platform/backend/venv/lib/python3.13/site-packages/django/contrib/auth/__init__.py", line 44, in _get_compatible_backends
    for backend, backend_path in _get_backends(return_tuples=True):
                                 ~~~~~~~~~~~~~^^^^^^^^^^^^^^^^^^^^
  File "/home/didacticiel/Bureau/Projets/cv-didacticiel-platform/backend/venv/lib/python3.13/site-packages/django/contrib/auth/__init__.py", line 29, in _get_backends
    backend = load_backend(backend_path)
  File "/home/didacticiel/Bureau/Projets/cv-didacticiel-platform/backend/venv/lib/python3.13/site-packages/django/contrib/auth/__init__.py", line 23, in load_backend
    return import_string(path)()
           ~~~~~~~~~~~~~^^^^^^
  File "/home/didacticiel/Bureau/Projets/cv-didacticiel-platform/backend/venv/lib/python3.13/site-packages/django/utils/module_loading.py", line 30, in import_string
    return cached_import(module_path, class_name)
  File "/home/didacticiel/Bureau/Projets/cv-didacticiel-platform/backend/venv/lib/python3.13/site-packages/django/utils/module_loading.py", line 15, in cached_import
    module = import_module(module_path)
  File "/home/didacticiel/miniconda3/lib/python3.13/importlib/__init__.py", line 88, in import_module
    return _bootstrap._gcd_import(name[level:], package, level)
           ~~~~~~~~~~~~~~~~~~~~~~^^^^^^^^^^^^^^^^^^^^^^^^^^^^^^
  File "<frozen importlib._bootstrap>", line 1387, in _gcd_import
  File "<frozen importlib._bootstrap>", line 1360, in _find_and_load
  File "<frozen importlib._bootstrap>", line 1310, in _find_and_load_unlocked
  File "<frozen importlib._bootstrap>", line 488, in _call_with_frames_removed
  File "<frozen importlib._bootstrap>", line 1387, in _gcd_import
  File "<frozen importlib._bootstrap>", line 1360, in _find_and_load
  File "<frozen importlib._bootstrap>", line 1324, in _find_and_load_unlocked
ModuleNotFoundError: No module named 'guardian'
WARNING 2025-11-19 09:35:49,990 log 8577 127524563556160 Bad Request: /api/v1/users/register/
WARNING 2025-11-19 09:38:58,770 log 8706 133585724487488 Unauthorized: /api/v1/users/me/
WARNING 2025-11-19 09:39:02,249 log 8706 133585724487488 Unauthorized: /api/v1/auth/login/
WARNING 2025-11-19 09:39:11,589 log 8706 133585724487488 Bad Request: /api/v1/users/register/
WARNING 2025-11-19 09:52:56,251 log 13347 137466063742784 Unauthorized: /api/v1/users/me/
WARNING 2025-11-19 09:52:58,269 log 13347 137466063742784 Unauthorized: /api/v1/auth/login/
WARNING 2025-11-19 09:53:02,256 log 13347 137466063742784 Unauthorized: /api/v1/auth/refresh/
WARNING 2025-11-19 09:53:03,425 log 13347 137466063742784 Bad Request: /api/v1/users/register/
WARNING 2025-11-19 09:53:24,732 log 13367 130857594767168 Unauthorized: /api/v1/users/me/
WARNING 2025-11-19 09:53:26,717 log 13367 130857594767168 Unauthorized: /api/v1/auth/login/
WARNING 2025-11-19 09:53:30,722 log 13367 130857594767168 Unauthorized: /api/v1/auth/refresh/
WARNING 2025-11-19 09:53:31,920 log 13367 130857594767168 Bad Request: /api/v1/users/register/
WARNING 2025-11-19 09:56:10,845 log 13411 125196438583104 Unauthorized: /api/v1/users/me/
WARNING 2025-11-19 09:56:12,849 log 13411 125196438583104 Unauthorized: /api/v1/auth/login/
WARNING 2025-11-19 09:56:16,907 log 13411 125196438583104 Unauthorized: /api/v1/auth/refresh/
WARNING 2025-11-19 09:56:17,970 log 13411 125196438583104 Bad Request: /api/v1/users/register/
INFO 2025-11-19 10:06:11,081 autoreload 13490 128078582945600 Watching for file changes with StatReloader
INFO 2025-11-19 10:50:04,874 autoreload 14107 127678660794176 Watching for file changes with StatReloader
INFO 2025-11-19 10:52:37,087 autoreload 14434 123623565608768 Watching for file changes with StatReloader
INFO 2025-11-19 11:15:19,736 autoreload 18214 131391561602880 Watching for file changes with StatReloader
INFO 2025-11-19 11:46:14,056 autoreload 20535 134822461241152 Watching for file changes with StatReloader
ERROR 2025-11-19 12:17:10,234 log 20535 134822348797632 Internal Server Error: /api/v1/users/register/
Traceback (most recent call last):
  File "/home/didacticiel/Bureau/Projets/cv-didacticiel-platform/backend/venv/lib/python3.13/site-packages/django/urls/base.py", line 81, in reverse
    extra, resolver = resolver.namespace_dict[ns]
                      ~~~~~~~~~~~~~~~~~~~~~~~^^^^
KeyError: 'djdt'

During handling of the above exception, another exception occurred:

Traceback (most recent call last):
  File "/home/didacticiel/Bureau/Projets/cv-didacticiel-platform/backend/venv/lib/python3.13/site-packages/django/core/handlers/exception.py", line 55, in inner
    response = get_response(request)
  File "/home/didacticiel/Bureau/Projets/cv-didacticiel-platform/backend/venv/lib/python3.13/site-packages/debug_toolbar/middleware.py", line 145, in __call__
    return self._postprocess(request, response, toolbar)
           ~~~~~~~~~~~~~~~~~^^^^^^^^^^^^^^^^^^^^^^^^^^^^
  File "/home/didacticiel/Bureau/Projets/cv-didacticiel-platform/backend/venv/lib/python3.13/site-packages/debug_toolbar/middleware.py", line 187, in _postprocess
    rendered = toolbar.render_toolbar()
  File "/home/didacticiel/Bureau/Projets/cv-didacticiel-platform/backend/venv/lib/python3.13/site-packages/debug_toolbar/toolbar.py", line 93, in render_toolbar
    return render_to_string("debug_toolbar/base.html", context)
  File "/home/didacticiel/Bureau/Projets/cv-didacticiel-platform/backend/venv/lib/python3.13/site-packages/django/template/loader.py", line 62, in render_to_string
    return template.render(context, request)
           ~~~~~~~~~~~~~~~^^^^^^^^^^^^^^^^^^
  File "/home/didacticiel/Bureau/Projets/cv-didacticiel-platform/backend/venv/lib/python3.13/site-packages/django/template/backends/django.py", line 107, in render
    return self.template.render(context)
           ~~~~~~~~~~~~~~~~~~~~^^^^^^^^^
  File "/home/didacticiel/Bureau/Projets/cv-didacticiel-platform/backend/venv/lib/python3.13/site-packages/django/template/base.py", line 171, in render
    return self._render(context)
           ~~~~~~~~~~~~^^^^^^^^^
  File "/home/didacticiel/Bureau/Projets/cv-didacticiel-platform/backend/venv/lib/python3.13/site-packages/django/test/utils.py", line 114, in instrumented_test_render
    return self.nodelist.render(context)
           ~~~~~~~~~~~~~~~~~~~~^^^^^^^^^
  File "/home/didacticiel/Bureau/Projets/cv-didacticiel-platform/backend/venv/lib/python3.13/site-packages/django/template/base.py", line 1016, in render
    return SafeString("".join([node.render_annotated(context) for node in self]))
                               ~~~~~~~~~~~~~~~~~~~~~^^^^^^^^^
  File "/home/didacticiel/Bureau/Projets/cv-didacticiel-platform/backend/venv/lib/python3.13/site-packages/django/template/base.py", line 977, in render_annotated
    return self.render(context)
           ~~~~~~~~~~~^^^^^^^^^
  File "/home/didacticiel/Bureau/Projets/cv-didacticiel-platform/backend/venv/lib/python3.13/site-packages/django/template/defaulttags.py", line 327, in render
    return nodelist.render(context)
           ~~~~~~~~~~~~~~~^^^^^^^^^
  File "/home/didacticiel/Bureau/Projets/cv-didacticiel-platform/backend/venv/lib/python3.13/site-packages/django/template/base.py", line 1016, in render
    return SafeString("".join([node.render_annotated(context) for node in self]))
                               ~~~~~~~~~~~~~~~~~~~~~^^^^^^^^^
  File "/home/didacticiel/Bureau/Projets/cv-didacticiel-platform/backend/venv/lib/python3.13/site-packages/django/template/base.py", line 977, in render_annotated
    return self.render(context)
           ~~~~~~~~~~~^^^^^^^^^
  File "/home/didacticiel/Bureau/Projets/cv-didacticiel-platform/backend/venv/lib/python3.13/site-packages/django/template/defaulttags.py", line 480, in render
    url = reverse(view_name, args=args, kwargs=kwargs, current_app=current_app)
  File "/home/didacticiel/Bureau/Projets/cv-didacticiel-platform/backend/venv/lib/python3.13/site-packages/django/urls/base.py", line 92, in reverse
    raise NoReverseMatch("%s is not a registered namespace" % key)
django.urls.exceptions.NoReverseMatch: 'djdt' is not a registered namespace
ERROR 2025-11-19 12:17:11,471 basehttp 20535 134822348797632 "POST /api/v1/users/register/ HTTP/1.1" 500 148477
INFO 2025-11-19 12:25:45,050 autoreload 20535 134822461241152 /home/didacticiel/Bureau/Projets/cv-didacticiel-platform/backend/CvDidacticiel_API/urls.py changed, reloading.
INFO 2025-11-19 12:32:21,507 autoreload 26349 124767037167424 Watching for file changes with StatReloader
INFO 2025-11-19 13:08:55,986 autoreload 8093 137778467481408 Watching for file changes with StatReloader
INFO 2025-11-19 13:12:20,806 autoreload 8400 133618530649920 Watching for file changes with StatReloader
INFO 2025-11-19 13:20:29,775 autoreload 8903 139422967211840 Watching for file changes with StatReloader
INFO 2025-11-19 13:29:44,769 autoreload 9094 130764447266624 Watching for file changes with StatReloader
INFO 2025-11-19 13:46:30,670 autoreload 9948 132199889848128 Watching for file changes with StatReloader
ERROR 2025-11-19 13:48:54,328 log 9948 132199781230272 Internal Server Error: /api/v1/users/register/
Traceback (most recent call last):
  File "/home/didacticiel/Bureau/Projets/cv-didacticiel-platform/backend/venv/lib/python3.13/site-packages/django/db/backends/utils.py", line 105, in _execute
    return self.cursor.execute(sql, params)
           ~~~~~~~~~~~~~~~~~~~^^^^^^^^^^^^^
psycopg2.errors.UndefinedTable: ERREUR:  la relation  users_user  n'existe pas
LINE 1: SELECT 1 AS "a" FROM "users_user" WHERE "users_user"."email"...
                             ^


The above exception was the direct cause of the following exception:

Traceback (most recent call last):
  File "/home/didacticiel/Bureau/Projets/cv-didacticiel-platform/backend/venv/lib/python3.13/site-packages/django/core/handlers/exception.py", line 55, in inner
    response = get_response(request)
  File "/home/didacticiel/Bureau/Projets/cv-didacticiel-platform/backend/venv/lib/python3.13/site-packages/django/core/handlers/base.py", line 197, in _get_response
    response = wrapped_callback(request, *callback_args, **callback_kwargs)
  File "/home/didacticiel/miniconda3/lib/python3.13/contextlib.py", line 85, in inner
    return func(*args, **kwds)
  File "/home/didacticiel/Bureau/Projets/cv-didacticiel-platform/backend/venv/lib/python3.13/site-packages/django/views/decorators/csrf.py", line 65, in _view_wrapper
    return view_func(request, *args, **kwargs)
  File "/home/didacticiel/Bureau/Projets/cv-didacticiel-platform/backend/venv/lib/python3.13/site-packages/django/views/generic/base.py", line 105, in view
    return self.dispatch(request, *args, **kwargs)
           ~~~~~~~~~~~~~^^^^^^^^^^^^^^^^^^^^^^^^^^
  File "/home/didacticiel/Bureau/Projets/cv-didacticiel-platform/backend/venv/lib/python3.13/site-packages/rest_framework/views.py", line 515, in dispatch
    response = self.handle_exception(exc)
  File "/home/didacticiel/Bureau/Projets/cv-didacticiel-platform/backend/venv/lib/python3.13/site-packages/rest_framework/views.py", line 475, in handle_exception
    self.raise_uncaught_exception(exc)
    ~~~~~~~~~~~~~~~~~~~~~~~~~~~~~^^^^^
  File "/home/didacticiel/Bureau/Projets/cv-didacticiel-platform/backend/venv/lib/python3.13/site-packages/rest_framework/views.py", line 486, in raise_uncaught_exception
    raise exc
  File "/home/didacticiel/Bureau/Projets/cv-didacticiel-platform/backend/venv/lib/python3.13/site-packages/rest_framework/views.py", line 512, in dispatch
    response = handler(request, *args, **kwargs)
  File "/home/didacticiel/Bureau/Projets/cv-didacticiel-platform/backend/venv/lib/python3.13/site-packages/rest_framework/generics.py", line 194, in post
    return self.create(request, *args, **kwargs)
           ~~~~~~~~~~~^^^^^^^^^^^^^^^^^^^^^^^^^^
  File "/home/didacticiel/Bureau/Projets/cv-didacticiel-platform/backend/apps/users/views.py", line 36, in create
    serializer.is_valid(raise_exception=True)
    ~~~~~~~~~~~~~~~~~~~^^^^^^^^^^^^^^^^^^^^^^
  File "/home/didacticiel/Bureau/Projets/cv-didacticiel-platform/backend/venv/lib/python3.13/site-packages/rest_framework/serializers.py", line 225, in is_valid
    self._validated_data = self.run_validation(self.initial_data)
                           ~~~~~~~~~~~~~~~~~~~^^^^^^^^^^^^^^^^^^^
  File "/home/didacticiel/Bureau/Projets/cv-didacticiel-platform/backend/venv/lib/python3.13/site-packages/rest_framework/serializers.py", line 444, in run_validation
    value = self.to_internal_value(data)
  File "/home/didacticiel/Bureau/Projets/cv-didacticiel-platform/backend/venv/lib/python3.13/site-packages/rest_framework/serializers.py", line 501, in to_internal_value
    validated_value = field.run_validation(primitive_value)
  File "/home/didacticiel/Bureau/Projets/cv-didacticiel-platform/backend/venv/lib/python3.13/site-packages/rest_framework/fields.py", line 757, in run_validation
    return super().run_validation(data)
           ~~~~~~~~~~~~~~~~~~~~~~^^^^^^
  File "/home/didacticiel/Bureau/Projets/cv-didacticiel-platform/backend/venv/lib/python3.13/site-packages/rest_framework/fields.py", line 539, in run_validation
    self.run_validators(value)
    ~~~~~~~~~~~~~~~~~~~^^^^^^^
  File "/home/didacticiel/Bureau/Projets/cv-didacticiel-platform/backend/venv/lib/python3.13/site-packages/rest_framework/fields.py", line 551, in run_validators
    validator(value, self)
    ~~~~~~~~~^^^^^^^^^^^^^
  File "/home/didacticiel/Bureau/Projets/cv-didacticiel-platform/backend/venv/lib/python3.13/site-packages/rest_framework/validators.py", line 86, in __call__
    if qs_exists(queryset):
       ~~~~~~~~~^^^^^^^^^^
  File "/home/didacticiel/Bureau/Projets/cv-didacticiel-platform/backend/venv/lib/python3.13/site-packages/rest_framework/validators.py", line 23, in qs_exists
    return queryset.exists()
           ~~~~~~~~~~~~~~~^^
  File "/home/didacticiel/Bureau/Projets/cv-didacticiel-platform/backend/venv/lib/python3.13/site-packages/django/db/models/query.py", line 1298, in exists
    return self.query.has_results(using=self.db)
           ~~~~~~~~~~~~~~~~~~~~~~^^^^^^^^^^^^^^^
  File "/home/didacticiel/Bureau/Projets/cv-didacticiel-platform/backend/venv/lib/python3.13/site-packages/django/db/models/sql/query.py", line 674, in has_results
    return compiler.has_results()
           ~~~~~~~~~~~~~~~~~~~~^^
  File "/home/didacticiel/Bureau/Projets/cv-didacticiel-platform/backend/venv/lib/python3.13/site-packages/django/db/models/sql/compiler.py", line 1591, in has_results
    return bool(self.execute_sql(SINGLE))
                ~~~~~~~~~~~~~~~~^^^^^^^^
  File "/home/didacticiel/Bureau/Projets/cv-didacticiel-platform/backend/venv/lib/python3.13/site-packages/django/db/models/sql/compiler.py", line 1623, in execute_sql
    cursor.execute(sql, params)
    ~~~~~~~~~~~~~~^^^^^^^^^^^^^
  File "/home/didacticiel/Bureau/Projets/cv-didacticiel-platform/backend/venv/lib/python3.13/site-packages/debug_toolbar/panels/sql/tracking.py", line 231, in execute
    return self._record(super().execute, sql, params)
           ~~~~~~~~~~~~^^^^^^^^^^^^^^^^^^^^^^^^^^^^^^
  File "/home/didacticiel/Bureau/Projets/cv-didacticiel-platform/backend/venv/lib/python3.13/site-packages/debug_toolbar/panels/sql/tracking.py", line 157, in _record
    return method(sql, params)
  File "/home/didacticiel/Bureau/Projets/cv-didacticiel-platform/backend/venv/lib/python3.13/site-packages/django/db/backends/utils.py", line 122, in execute
    return super().execute(sql, params)
           ~~~~~~~~~~~~~~~^^^^^^^^^^^^^
  File "/home/didacticiel/Bureau/Projets/cv-didacticiel-platform/backend/venv/lib/python3.13/site-packages/django/db/backends/utils.py", line 79, in execute
    return self._execute_with_wrappers(
           ~~~~~~~~~~~~~~~~~~~~~~~~~~~^
        sql, params, many=False, executor=self._execute
        ^^^^^^^^^^^^^^^^^^^^^^^^^^^^^^^^^^^^^^^^^^^^^^^
    )
    ^
  File "/home/didacticiel/Bureau/Projets/cv-didacticiel-platform/backend/venv/lib/python3.13/site-packages/django/db/backends/utils.py", line 92, in _execute_with_wrappers
    return executor(sql, params, many, context)
  File "/home/didacticiel/Bureau/Projets/cv-didacticiel-platform/backend/venv/lib/python3.13/site-packages/django/db/backends/utils.py", line 100, in _execute
    with self.db.wrap_database_errors:
         ^^^^^^^^^^^^^^^^^^^^^^^^^^^^
  File "/home/didacticiel/Bureau/Projets/cv-didacticiel-platform/backend/venv/lib/python3.13/site-packages/django/db/utils.py", line 91, in __exit__
    raise dj_exc_value.with_traceback(traceback) from exc_value
  File "/home/didacticiel/Bureau/Projets/cv-didacticiel-platform/backend/venv/lib/python3.13/site-packages/django/db/backends/utils.py", line 105, in _execute
    return self.cursor.execute(sql, params)
           ~~~~~~~~~~~~~~~~~~~^^^^^^^^^^^^^
django.db.utils.ProgrammingError: ERREUR:  la relation  users_user  n'existe pas
LINE 1: SELECT 1 AS "a" FROM "users_user" WHERE "users_user"."email"...
                             ^

ERROR 2025-11-19 13:48:54,912 basehttp 9948 132199781230272 "POST /api/v1/users/register/ HTTP/1.1" 500 242732
INFO 2025-11-19 13:52:42,599 autoreload 10264 136928979453760 Watching for file changes with StatReloader
INFO 2025-11-19 13:52:55,178 basehttp 10264 136928872621760 "POST /api/v1/users/register/ HTTP/1.1" 201 749
INFO 2025-11-19 13:55:56,090 autoreload 10873 131917461215040 Watching for file changes with StatReloader
WARNING 2025-11-19 13:58:47,902 log 10873 131917353576128 Not Found: /api/v1/users/login/
WARNING 2025-11-19 13:58:47,903 basehttp 10873 131917353576128 "POST /api/v1/users/login/ HTTP/1.1" 404 18770
INFO 2025-11-19 14:00:59,074 basehttp 10873 131917344134848 "POST /api/v1/auth/login/ HTTP/1.1" 200 489
WARNING 2025-11-19 14:12:59,784 log 10873 131917334693568 Unauthorized: /api/v1/users/me/
WARNING 2025-11-19 14:12:59,894 basehttp 10873 131917334693568 "GET /api/v1/users/me/ HTTP/1.1" 401 172
WARNING 2025-11-19 14:13:34,742 log 10873 131917334693568 Unauthorized: /api/v1/users/me/
WARNING 2025-11-19 14:13:34,742 basehttp 10873 131917334693568 "GET /api/v1/users/me/ HTTP/1.1" 401 172
INFO 2025-11-19 14:14:14,813 basehttp 10873 131917334693568 "GET /api/v1/users/me/ HTTP/1.1" 200 179
